# JRE version: OpenJDK Runtime Environment (8.0_332-b09) (build 1.8.0_332-b09)
# Java VM: OpenJDK 64-Bit Server VM (25.332-b09 mixed mode windows-amd64 compressed oops)
Heap:
 PSYoungGen      total 3372544K, used 2474084K [0x00000006be800000, 0x00000007c0000000, 0x00000007c0000000)
  eden space 2564608K, 93% used [0x00000006be800000,0x0000000751a39270,0x000000075b080000)
  from space 807936K, 7% used [0x000000075b080000,0x000000075ee60000,0x000000078c580000)
  to   space 768000K, 0% used [0x0000000791200000,0x0000000791200000,0x00000007c0000000)
 ParOldGen       total 2147840K, used 1224880K [0x000000063a000000, 0x00000006bd180000, 0x00000006be800000)
  object space 2147840K, 57% used [0x000000063a000000,0x0000000684c2c040,0x00000006bd180000)
 Metaspace       used 16893K, capacity 17168K, committed 17280K, reserved 1064960K
  class space    used 1831K, capacity 1918K, committed 1920K, reserved 1048576K
GC Heap History (10 events):
Event: 62.173 GC heap before
{Heap before GC invocations=18 (full 1):
 PSYoungGen      total 3267584K, used 2340248K [0x00000006be800000, 0x00000007c0000000, 0x00000007c0000000)
  eden space 2287104K, 100% used [0x00000006be800000,0x000000074a180000,0x000000074a180000)
  from space 980480K, 5% used [0x0000000784280000,0x00000007876661a8,0x00000007c0000000)
  to   space 951296K, 0% used [0x000000074a180000,0x000000074a180000,0x0000000784280000)
 ParOldGen       total 2147840K, used 950247K [0x000000063a000000, 0x00000006bd180000, 0x00000006be800000)
  object space 2147840K, 44% used [0x000000063a000000,0x0000000673ff9e98,0x00000006bd180000)
 Metaspace       used 16884K, capacity 17104K, committed 17280K, reserved 1064960K
  class space    used 1831K, capacity 1918K, committed 1920K, reserved 1048576K
Event: 62.553 GC heap after
Heap after GC invocations=18 (full 1):
 PSYoungGen      total 3238400K, used 56160K [0x00000006be800000, 0x00000007c0000000, 0x00000007c0000000)
  eden space 2287104K, 0% used [0x00000006be800000,0x00000006be800000,0x000000074a180000)
  from space 951296K, 5% used [0x000000074a180000,0x000000074d858000,0x0000000784280000)
  to   space 918016K, 0% used [0x0000000787f80000,0x0000000787f80000,0x00000007c0000000)
 ParOldGen       total 2147840K, used 1003616K [0x000000063a000000, 0x00000006bd180000, 0x00000006be800000)
  object space 2147840K, 46% used [0x000000063a000000,0x0000000677418040,0x00000006bd180000)
 Metaspace       used 16884K, capacity 17104K, committed 17280K, reserved 1064960K
  class space    used 1831K, capacity 1918K, committed 1920K, reserved 1048576K
}
Event: 64.393 GC heap before
{Heap before GC invocations=19 (full 1):
 PSYoungGen      total 3238400K, used 2343264K [0x00000006be800000, 0x00000007c0000000, 0x00000007c0000000)
  eden space 2287104K, 100% used [0x00000006be800000,0x000000074a180000,0x000000074a180000)
  from space 951296K, 5% used [0x000000074a180000,0x000000074d858000,0x0000000784280000)
  to   space 918016K, 0% used [0x0000000787f80000,0x0000000787f80000,0x00000007c0000000)
 ParOldGen       total 2147840K, used 1003616K [0x000000063a000000, 0x00000006bd180000, 0x00000006be800000)
  object space 2147840K, 46% used [0x000000063a000000,0x0000000677418040,0x00000006bd180000)
 Metaspace       used 16885K, capacity 17168K, committed 17280K, reserved 1064960K
  class space    used 1831K, capacity 1918K, committed 1920K, reserved 1048576K
Event: 65.080 GC heap after
Heap after GC invocations=19 (full 1):
 PSYoungGen      total 3335168K, used 50304K [0x00000006be800000, 0x00000007c0000000, 0x00000007c0000000)
  eden space 2417152K, 0% used [0x00000006be800000,0x00000006be800000,0x0000000752080000)
  from space 918016K, 5% used [0x0000000787f80000,0x000000078b0a0000,0x00000007c0000000)
  to   space 883712K, 0% used [0x0000000752080000,0x0000000752080000,0x0000000787f80000)
 ParOldGen       total 2147840K, used 1059992K [0x000000063a000000, 0x00000006bd180000, 0x00000006be800000)
  object space 2147840K, 49% used [0x000000063a000000,0x000000067ab26040,0x00000006bd180000)
 Metaspace       used 16885K, capacity 17168K, committed 17280K, reserved 1064960K
  class space    used 1831K, capacity 1918K, committed 1920K, reserved 1048576K
}
Event: 67.090 GC heap before
{Heap before GC invocations=20 (full 1):
 PSYoungGen      total 3335168K, used 2467456K [0x00000006be800000, 0x00000007c0000000, 0x00000007c0000000)
  eden space 2417152K, 100% used [0x00000006be800000,0x0000000752080000,0x0000000752080000)
  from space 918016K, 5% used [0x0000000787f80000,0x000000078b0a0000,0x00000007c0000000)
  to   space 883712K, 0% used [0x0000000752080000,0x0000000752080000,0x0000000787f80000)
 ParOldGen       total 2147840K, used 1059992K [0x000000063a000000, 0x00000006bd180000, 0x00000006be800000)
  object space 2147840K, 49% used [0x000000063a000000,0x000000067ab26040,0x00000006bd180000)
 Metaspace       used 16892K, capacity 17168K, committed 17280K, reserved 1064960K
  class space    used 1831K, capacity 1918K, committed 1920K, reserved 1048576K
Event: 69.997 GC heap after
Heap after GC invocations=20 (full 1):
 PSYoungGen      total 3300864K, used 54304K [0x00000006be800000, 0x00000007c0000000, 0x00000007c0000000)
  eden space 2417152K, 0% used [0x00000006be800000,0x00000006be800000,0x0000000752080000)
  from space 883712K, 6% used [0x0000000752080000,0x0000000755588000,0x0000000787f80000)
  to   space 846336K, 0% used [0x000000078c580000,0x000000078c580000,0x00000007c0000000)
 ParOldGen       total 2147840K, used 1110488K [0x000000063a000000, 0x00000006bd180000, 0x00000006be800000)
  object space 2147840K, 51% used [0x000000063a000000,0x000000067dc76040,0x00000006bd180000)
 Metaspace       used 16892K, capacity 17168K, committed 17280K, reserved 1064960K
  class space    used 1831K, capacity 1918K, committed 1920K, reserved 1048576K
}
Event: 71.435 GC heap before
{Heap before GC invocations=21 (full 1):
 PSYoungGen      total 3300864K, used 2471456K [0x00000006be800000, 0x00000007c0000000, 0x00000007c0000000)
  eden space 2417152K, 100% used [0x00000006be800000,0x0000000752080000,0x0000000752080000)
  from space 883712K, 6% used [0x0000000752080000,0x0000000755588000,0x0000000787f80000)
  to   space 846336K, 0% used [0x000000078c580000,0x000000078c580000,0x00000007c0000000)
 ParOldGen       total 2147840K, used 1110488K [0x000000063a000000, 0x00000006bd180000, 0x00000006be800000)
  object space 2147840K, 51% used [0x000000063a000000,0x000000067dc76040,0x00000006bd180000)
 Metaspace       used 16892K, capacity 17168K, committed 17280K, reserved 1064960K
  class space    used 1831K, capacity 1918K, committed 1920K, reserved 1048576K
Event: 71.752 GC heap after
Heap after GC invocations=21 (full 1):
 PSYoungGen      total 3410944K, used 59712K [0x00000006be800000, 0x00000007c0000000, 0x00000007c0000000)
  eden space 2564608K, 0% used [0x00000006be800000,0x00000006be800000,0x000000075b080000)
  from space 846336K, 7% used [0x000000078c580000,0x000000078ffd0000,0x00000007c0000000)
  to   space 807936K, 0% used [0x000000075b080000,0x000000075b080000,0x000000078c580000)
 ParOldGen       total 2147840K, used 1164968K [0x000000063a000000, 0x00000006bd180000, 0x00000006be800000)
  object space 2147840K, 54% used [0x000000063a000000,0x00000006811aa040,0x00000006bd180000)
 Metaspace       used 16892K, capacity 17168K, committed 17280K, reserved 1064960K
  class space    used 1831K, capacity 1918K, committed 1920K, reserved 1048576K
}
Event: 73.200 GC heap before
{Heap before GC invocations=22 (full 1):
 PSYoungGen      total 3410944K, used 2624320K [0x00000006be800000, 0x00000007c0000000, 0x00000007c0000000)
  eden space 2564608K, 100% used [0x00000006be800000,0x000000075b080000,0x000000075b080000)
  from space 846336K, 7% used [0x000000078c580000,0x000000078ffd0000,0x00000007c0000000)
  to   space 807936K, 0% used [0x000000075b080000,0x000000075b080000,0x000000078c580000)
 ParOldGen       total 2147840K, used 1164968K [0x000000063a000000, 0x00000006bd180000, 0x00000006be800000)
  object space 2147840K, 54% used [0x000000063a000000,0x00000006811aa040,0x00000006bd180000)
 Metaspace       used 16893K, capacity 17168K, committed 17280K, reserved 1064960K
  class space    used 1831K, capacity 1918K, committed 1920K, reserved 1048576K
Event: 73.354 GC heap after
Heap after GC invocations=22 (full 1):
 PSYoungGen      total 3372544K, used 63360K [0x00000006be800000, 0x00000007c0000000, 0x00000007c0000000)
  eden space 2564608K, 0% used [0x00000006be800000,0x00000006be800000,0x000000075b080000)
  from space 807936K, 7% used [0x000000075b080000,0x000000075ee60000,0x000000078c580000)
  to   space 768000K, 0% used [0x0000000791200000,0x0000000791200000,0x00000007c0000000)
 ParOldGen       total 2147840K, used 1224880K [0x000000063a000000, 0x00000006bd180000, 0x00000006be800000)
  object space 2147840K, 57% used [0x000000063a000000,0x0000000684c2c040,0x00000006bd180000)
 Metaspace       used 16893K, capacity 17168K, committed 17280K, reserved 1064960K
  class space    used 1831K, capacity 1918K, committed 1920K, reserved 1048576K
}

