# JRE version: OpenJDK Runtime Environment (8.0_342-b07) (build 1.8.0_342-b07)
# Java VM: OpenJDK 64-Bit Server VM (25.342-b07 mixed mode windows-amd64 compressed oops)
Heap:
 PSYoungGen      total 3691520K, used 1818597K [0x00000006be800000, 0x00000007c0000000, 0x00000007c0000000)
  eden space 3164160K, 57% used [0x00000006be800000,0x000000072d7f9478,0x000000077fa00000)
  from space 527360K, 0% used [0x000000079fd00000,0x000000079fd00000,0x00000007c0000000)
  to   space 527360K, 0% used [0x000000077fa00000,0x000000077fa00000,0x000000079fd00000)
 ParOldGen       total 2170880K, used 360541K [0x000000063a000000, 0x00000006be800000, 0x00000006be800000)
  object space 2170880K, 16% used [0x000000063a000000,0x00000006500175c8,0x00000006be800000)
 Metaspace       used 16035K, capacity 16214K, committed 16512K, reserved 1064960K
  class space    used 1821K, capacity 1909K, committed 1920K, reserved 1048576K
GC Heap History (10 events):
Event: 14.457 GC heap before
{Heap before GC invocations=2 (full 0):
 PSYoungGen      total 3691520K, used 3510548K [0x00000006be800000, 0x00000007c0000000, 0x00000007c0000000)
  eden space 3164160K, 100% used [0x00000006be800000,0x000000077fa00000,0x000000077fa00000)
  from space 527360K, 65% used [0x000000077fa00000,0x0000000794c450b0,0x000000079fd00000)
  to   space 527360K, 0% used [0x000000079fd00000,0x000000079fd00000,0x00000007c0000000)
 ParOldGen       total 1146880K, used 0K [0x000000063a000000, 0x0000000680000000, 0x00000006be800000)
  object space 1146880K, 0% used [0x000000063a000000,0x000000063a000000,0x0000000680000000)
 Metaspace       used 11126K, capacity 11238K, committed 11392K, reserved 1058816K
  class space    used 1253K, capacity 1281K, committed 1408K, reserved 1048576K
Event: 20.115 GC heap after
Heap after GC invocations=2 (full 0):
 PSYoungGen      total 3691520K, used 527336K [0x00000006be800000, 0x00000007c0000000, 0x00000007c0000000)
  eden space 3164160K, 0% used [0x00000006be800000,0x00000006be800000,0x000000077fa00000)
  from space 527360K, 99% used [0x000000079fd00000,0x00000007bfffa0f8,0x00000007c0000000)
  to   space 527360K, 0% used [0x000000077fa00000,0x000000077fa00000,0x000000079fd00000)
 ParOldGen       total 1668608K, used 1668457K [0x000000063a000000, 0x000000069fd80000, 0x00000006be800000)
  object space 1668608K, 99% used [0x000000063a000000,0x000000069fd5a728,0x000000069fd80000)
 Metaspace       used 11126K, capacity 11238K, committed 11392K, reserved 1058816K
  class space    used 1253K, capacity 1281K, committed 1408K, reserved 1048576K
}
Event: 20.115 GC heap before
{Heap before GC invocations=3 (full 1):
 PSYoungGen      total 3691520K, used 527336K [0x00000006be800000, 0x00000007c0000000, 0x00000007c0000000)
  eden space 3164160K, 0% used [0x00000006be800000,0x00000006be800000,0x000000077fa00000)
  from space 527360K, 99% used [0x000000079fd00000,0x00000007bfffa0f8,0x00000007c0000000)
  to   space 527360K, 0% used [0x000000077fa00000,0x000000077fa00000,0x000000079fd00000)
 ParOldGen       total 1668608K, used 1668457K [0x000000063a000000, 0x000000069fd80000, 0x00000006be800000)
  object space 1668608K, 99% used [0x000000063a000000,0x000000069fd5a728,0x000000069fd80000)
 Metaspace       used 11126K, capacity 11238K, committed 11392K, reserved 1058816K
  class space    used 1253K, capacity 1281K, committed 1408K, reserved 1048576K
Event: 31.602 GC heap after
Heap after GC invocations=3 (full 1):
 PSYoungGen      total 3691520K, used 526114K [0x00000006be800000, 0x00000007c0000000, 0x00000007c0000000)
  eden space 3164160K, 0% used [0x00000006be800000,0x00000006be800000,0x000000077fa00000)
  from space 527360K, 99% used [0x000000079fd00000,0x00000007bfec89e8,0x00000007c0000000)
  to   space 527360K, 0% used [0x000000077fa00000,0x000000077fa00000,0x000000079fd00000)
 ParOldGen       total 2170880K, used 1658469K [0x000000063a000000, 0x00000006be800000, 0x00000006be800000)
  object space 2170880K, 76% used [0x000000063a000000,0x000000069f3994f0,0x00000006be800000)
 Metaspace       used 11126K, capacity 11238K, committed 11392K, reserved 1058816K
  class space    used 1253K, capacity 1281K, committed 1408K, reserved 1048576K
}
Event: 58.576 GC heap before
{Heap before GC invocations=4 (full 2):
 PSYoungGen      total 3691520K, used 3690274K [0x00000006be800000, 0x00000007c0000000, 0x00000007c0000000)
  eden space 3164160K, 100% used [0x00000006be800000,0x000000077fa00000,0x000000077fa00000)
  from space 527360K, 99% used [0x000000079fd00000,0x00000007bfec89e8,0x00000007c0000000)
  to   space 527360K, 0% used [0x000000077fa00000,0x000000077fa00000,0x000000079fd00000)
 ParOldGen       total 2170880K, used 1658469K [0x000000063a000000, 0x00000006be800000, 0x00000006be800000)
  object space 2170880K, 76% used [0x000000063a000000,0x000000069f3994f0,0x00000006be800000)
 Metaspace       used 12855K, capacity 13026K, committed 13312K, reserved 1060864K
  class space    used 1379K, capacity 1419K, committed 1536K, reserved 1048576K
Event: 59.403 GC heap after
Heap after GC invocations=4 (full 2):
 PSYoungGen      total 3691520K, used 0K [0x00000006be800000, 0x00000007c0000000, 0x00000007c0000000)
  eden space 3164160K, 0% used [0x00000006be800000,0x00000006be800000,0x000000077fa00000)
  from space 527360K, 0% used [0x000000079fd00000,0x000000079fd00000,0x00000007c0000000)
  to   space 527360K, 0% used [0x000000077fa00000,0x000000077fa00000,0x000000079fd00000)
 ParOldGen       total 2170880K, used 154392K [0x000000063a000000, 0x00000006be800000, 0x00000006be800000)
  object space 2170880K, 7% used [0x000000063a000000,0x00000006436c63c8,0x00000006be800000)
 Metaspace       used 12855K, capacity 13026K, committed 13312K, reserved 1060864K
  class space    used 1379K, capacity 1419K, committed 1536K, reserved 1048576K
}
Event: 67.160 GC heap before
{Heap before GC invocations=5 (full 3):
 PSYoungGen      total 3691520K, used 3164160K [0x00000006be800000, 0x00000007c0000000, 0x00000007c0000000)
  eden space 3164160K, 100% used [0x00000006be800000,0x000000077fa00000,0x000000077fa00000)
  from space 527360K, 0% used [0x000000079fd00000,0x000000079fd00000,0x00000007c0000000)
  to   space 527360K, 0% used [0x000000077fa00000,0x000000077fa00000,0x000000079fd00000)
 ParOldGen       total 2170880K, used 154392K [0x000000063a000000, 0x00000006be800000, 0x00000006be800000)
  object space 2170880K, 7% used [0x000000063a000000,0x00000006436c63c8,0x00000006be800000)
 Metaspace       used 12855K, capacity 13026K, committed 13312K, reserved 1060864K
  class space    used 1379K, capacity 1419K, committed 1536K, reserved 1048576K
Event: 68.131 GC heap after
Heap after GC invocations=5 (full 3):
 PSYoungGen      total 3691520K, used 0K [0x00000006be800000, 0x00000007c0000000, 0x00000007c0000000)
  eden space 3164160K, 0% used [0x00000006be800000,0x00000006be800000,0x000000077fa00000)
  from space 527360K, 0% used [0x000000079fd00000,0x000000079fd00000,0x00000007c0000000)
  to   space 527360K, 0% used [0x000000077fa00000,0x000000077fa00000,0x000000079fd00000)
 ParOldGen       total 2170880K, used 257260K [0x000000063a000000, 0x00000006be800000, 0x00000006be800000)
  object space 2170880K, 11% used [0x000000063a000000,0x0000000649b3b090,0x00000006be800000)
 Metaspace       used 12855K, capacity 13026K, committed 13312K, reserved 1060864K
  class space    used 1379K, capacity 1419K, committed 1536K, reserved 1048576K
}
Event: 80.308 GC heap before
{Heap before GC invocations=6 (full 4):
 PSYoungGen      total 3691520K, used 3164160K [0x00000006be800000, 0x00000007c0000000, 0x00000007c0000000)
  eden space 3164160K, 100% used [0x00000006be800000,0x000000077fa00000,0x000000077fa00000)
  from space 527360K, 0% used [0x000000079fd00000,0x000000079fd00000,0x00000007c0000000)
  to   space 527360K, 0% used [0x000000077fa00000,0x000000077fa00000,0x000000079fd00000)
 ParOldGen       total 2170880K, used 257260K [0x000000063a000000, 0x00000006be800000, 0x00000006be800000)
  object space 2170880K, 11% used [0x000000063a000000,0x0000000649b3b090,0x00000006be800000)
 Metaspace       used 12868K, capacity 13026K, committed 13312K, reserved 1060864K
  class space    used 1380K, capacity 1419K, committed 1536K, reserved 1048576K
Event: 81.539 GC heap after
Heap after GC invocations=6 (full 4):
 PSYoungGen      total 3691520K, used 0K [0x00000006be800000, 0x00000007c0000000, 0x00000007c0000000)
  eden space 3164160K, 0% used [0x00000006be800000,0x00000006be800000,0x000000077fa00000)
  from space 527360K, 0% used [0x000000079fd00000,0x000000079fd00000,0x00000007c0000000)
  to   space 527360K, 0% used [0x000000077fa00000,0x000000077fa00000,0x000000079fd00000)
 ParOldGen       total 2170880K, used 360541K [0x000000063a000000, 0x00000006be800000, 0x00000006be800000)
  object space 2170880K, 16% used [0x000000063a000000,0x00000006500175c8,0x00000006be800000)
 Metaspace       used 12868K, capacity 13026K, committed 13312K, reserved 1060864K
  class space    used 1380K, capacity 1419K, committed 1536K, reserved 1048576K
}

