# JRE version: OpenJDK Runtime Environment (8.0_332-b09) (build 1.8.0_332-b09)
# Java VM: OpenJDK 64-Bit Server VM (25.332-b09 mixed mode windows-amd64 compressed oops)
Heap:
 PSYoungGen      total 3173376K, used 252048K [0x00000006be800000, 0x00000007c0000000, 0x00000007c0000000)
  eden space 2128896K, 9% used [0x00000006be800000,0x00000006cb794140,0x0000000740700000)
  from space 1044480K, 3% used [0x0000000780400000,0x0000000782a90000,0x00000007c0000000)
  to   space 1044992K, 0% used [0x0000000740700000,0x0000000740700000,0x0000000780380000)
 ParOldGen       total 2170880K, used 742618K [0x000000063a000000, 0x00000006be800000, 0x00000006be800000)
  object space 2170880K, 34% used [0x000000063a000000,0x0000000667536b68,0x00000006be800000)
 Metaspace       used 16893K, capacity 17168K, committed 17280K, reserved 1064960K
  class space    used 1831K, capacity 1918K, committed 1920K, reserved 1048576K
GC Heap History (10 events):
Event: 61.213 GC heap before
{Heap before GC invocations=9 (full 1):
 PSYoungGen      total 2576896K, used 2576640K [0x00000006be800000, 0x00000007c0000000, 0x00000007c0000000)
  eden space 2515968K, 100% used [0x00000006be800000,0x0000000758100000,0x0000000758100000)
  from space 60928K, 99% used [0x0000000758100000,0x000000075bc40000,0x000000075bc80000)
  to   space 961536K, 0% used [0x0000000785500000,0x0000000785500000,0x00000007c0000000)
 ParOldGen       total 2170880K, used 464095K [0x000000063a000000, 0x00000006be800000, 0x00000006be800000)
  object space 2170880K, 21% used [0x000000063a000000,0x0000000656537d18,0x00000006be800000)
 Metaspace       used 16844K, capacity 17034K, committed 17280K, reserved 1064960K
  class space    used 1830K, capacity 1917K, committed 1920K, reserved 1048576K
Event: 61.359 GC heap after
Heap after GC invocations=9 (full 1):
 PSYoungGen      total 3163136K, used 121348K [0x00000006be800000, 0x00000007c0000000, 0x00000007c0000000)
  eden space 2201600K, 0% used [0x00000006be800000,0x00000006be800000,0x0000000744e00000)
  from space 961536K, 12% used [0x0000000785500000,0x000000078cb81298,0x00000007c0000000)
  to   space 1008640K, 0% used [0x0000000744e00000,0x0000000744e00000,0x0000000782700000)
 ParOldGen       total 2170880K, used 464095K [0x000000063a000000, 0x00000006be800000, 0x00000006be800000)
  object space 2170880K, 21% used [0x000000063a000000,0x0000000656537d18,0x00000006be800000)
 Metaspace       used 16844K, capacity 17034K, committed 17280K, reserved 1064960K
  class space    used 1830K, capacity 1917K, committed 1920K, reserved 1048576K
}
Event: 62.903 GC heap before
{Heap before GC invocations=10 (full 1):
 PSYoungGen      total 3163136K, used 2322948K [0x00000006be800000, 0x00000007c0000000, 0x00000007c0000000)
  eden space 2201600K, 100% used [0x00000006be800000,0x0000000744e00000,0x0000000744e00000)
  from space 961536K, 12% used [0x0000000785500000,0x000000078cb81298,0x00000007c0000000)
  to   space 1008640K, 0% used [0x0000000744e00000,0x0000000744e00000,0x0000000782700000)
 ParOldGen       total 2170880K, used 464095K [0x000000063a000000, 0x00000006be800000, 0x00000006be800000)
  object space 2170880K, 21% used [0x000000063a000000,0x0000000656537d18,0x00000006be800000)
 Metaspace       used 16844K, capacity 17034K, committed 17280K, reserved 1064960K
  class space    used 1830K, capacity 1917K, committed 1920K, reserved 1048576K
Event: 63.120 GC heap after
Heap after GC invocations=10 (full 1):
 PSYoungGen      total 2374656K, used 172772K [0x00000006be800000, 0x00000007c0000000, 0x00000007c0000000)
  eden space 2201600K, 0% used [0x00000006be800000,0x00000006be800000,0x0000000744e00000)
  from space 173056K, 99% used [0x0000000744e00000,0x000000074f6b9298,0x000000074f700000)
  to   space 1021952K, 0% used [0x0000000781a00000,0x0000000781a00000,0x00000007c0000000)
 ParOldGen       total 2170880K, used 464095K [0x000000063a000000, 0x00000006be800000, 0x00000006be800000)
  object space 2170880K, 21% used [0x000000063a000000,0x0000000656537d18,0x00000006be800000)
 Metaspace       used 16844K, capacity 17034K, committed 17280K, reserved 1064960K
  class space    used 1830K, capacity 1917K, committed 1920K, reserved 1048576K
}
Event: 64.891 GC heap before
{Heap before GC invocations=11 (full 1):
 PSYoungGen      total 2374656K, used 2374372K [0x00000006be800000, 0x00000007c0000000, 0x00000007c0000000)
  eden space 2201600K, 100% used [0x00000006be800000,0x0000000744e00000,0x0000000744e00000)
  from space 173056K, 99% used [0x0000000744e00000,0x000000074f6b9298,0x000000074f700000)
  to   space 1021952K, 0% used [0x0000000781a00000,0x0000000781a00000,0x00000007c0000000)
 ParOldGen       total 2170880K, used 464095K [0x000000063a000000, 0x00000006be800000, 0x00000006be800000)
  object space 2170880K, 21% used [0x000000063a000000,0x0000000656537d18,0x00000006be800000)
 Metaspace       used 16844K, capacity 17034K, committed 17280K, reserved 1064960K
  class space    used 1830K, capacity 1917K, committed 1920K, reserved 1048576K
Event: 66.333 GC heap after
Heap after GC invocations=11 (full 1):
 PSYoungGen      total 3171328K, used 104160K [0x00000006be800000, 0x00000007c0000000, 0x00000007c0000000)
  eden space 2149376K, 0% used [0x00000006be800000,0x00000006be800000,0x0000000741b00000)
  from space 1021952K, 10% used [0x0000000781a00000,0x0000000787fb8000,0x00000007c0000000)
  to   space 1034752K, 0% used [0x0000000741b00000,0x0000000741b00000,0x0000000780d80000)
 ParOldGen       total 2170880K, used 585963K [0x000000063a000000, 0x00000006be800000, 0x00000006be800000)
  object space 2170880K, 26% used [0x000000063a000000,0x000000065dc3afc0,0x00000006be800000)
 Metaspace       used 16844K, capacity 17034K, committed 17280K, reserved 1064960K
  class space    used 1830K, capacity 1917K, committed 1920K, reserved 1048576K
}
Event: 68.016 GC heap before
{Heap before GC invocations=12 (full 1):
 PSYoungGen      total 3171328K, used 2253536K [0x00000006be800000, 0x00000007c0000000, 0x00000007c0000000)
  eden space 2149376K, 100% used [0x00000006be800000,0x0000000741b00000,0x0000000741b00000)
  from space 1021952K, 10% used [0x0000000781a00000,0x0000000787fb8000,0x00000007c0000000)
  to   space 1034752K, 0% used [0x0000000741b00000,0x0000000741b00000,0x0000000780d80000)
 ParOldGen       total 2170880K, used 585963K [0x000000063a000000, 0x00000006be800000, 0x00000006be800000)
  object space 2170880K, 26% used [0x000000063a000000,0x000000065dc3afc0,0x00000006be800000)
 Metaspace       used 16844K, capacity 17034K, committed 17280K, reserved 1064960K
  class space    used 1830K, capacity 1917K, committed 1920K, reserved 1048576K
Event: 69.814 GC heap after
Heap after GC invocations=12 (full 1):
 PSYoungGen      total 2201600K, used 51798K [0x00000006be800000, 0x00000007c0000000, 0x00000007c0000000)
  eden space 2149376K, 0% used [0x00000006be800000,0x00000006be800000,0x0000000741b00000)
  from space 52224K, 99% used [0x0000000741b00000,0x0000000744d95ba8,0x0000000744e00000)
  to   space 1044480K, 0% used [0x0000000780400000,0x0000000780400000,0x00000007c0000000)
 ParOldGen       total 2170880K, used 690571K [0x000000063a000000, 0x00000006be800000, 0x00000006be800000)
  object space 2170880K, 31% used [0x000000063a000000,0x0000000664262fc0,0x00000006be800000)
 Metaspace       used 16844K, capacity 17034K, committed 17280K, reserved 1064960K
  class space    used 1830K, capacity 1917K, committed 1920K, reserved 1048576K
}
Event: 71.949 GC heap before
{Heap before GC invocations=13 (full 1):
 PSYoungGen      total 2201600K, used 2201174K [0x00000006be800000, 0x00000007c0000000, 0x00000007c0000000)
  eden space 2149376K, 100% used [0x00000006be800000,0x0000000741b00000,0x0000000741b00000)
  from space 52224K, 99% used [0x0000000741b00000,0x0000000744d95ba8,0x0000000744e00000)
  to   space 1044480K, 0% used [0x0000000780400000,0x0000000780400000,0x00000007c0000000)
 ParOldGen       total 2170880K, used 690571K [0x000000063a000000, 0x00000006be800000, 0x00000006be800000)
  object space 2170880K, 31% used [0x000000063a000000,0x0000000664262fc0,0x00000006be800000)
 Metaspace       used 16893K, capacity 17168K, committed 17280K, reserved 1064960K
  class space    used 1831K, capacity 1918K, committed 1920K, reserved 1048576K
Event: 72.510 GC heap after
Heap after GC invocations=13 (full 1):
 PSYoungGen      total 3173376K, used 39488K [0x00000006be800000, 0x00000007c0000000, 0x00000007c0000000)
  eden space 2128896K, 0% used [0x00000006be800000,0x00000006be800000,0x0000000740700000)
  from space 1044480K, 3% used [0x0000000780400000,0x0000000782a90000,0x00000007c0000000)
  to   space 1044992K, 0% used [0x0000000740700000,0x0000000740700000,0x0000000780380000)
 ParOldGen       total 2170880K, used 742618K [0x000000063a000000, 0x00000006be800000, 0x00000006be800000)
  object space 2170880K, 34% used [0x000000063a000000,0x0000000667536b68,0x00000006be800000)
 Metaspace       used 16893K, capacity 17168K, committed 17280K, reserved 1064960K
  class space    used 1831K, capacity 1918K, committed 1920K, reserved 1048576K
}

