# JRE version: OpenJDK Runtime Environment (8.0_332-b09) (build 1.8.0_332-b09)
# Java VM: OpenJDK 64-Bit Server VM (25.332-b09 mixed mode windows-amd64 compressed oops)
Heap:
 PSYoungGen      total 3691520K, used 69600K [0x00000006be800000, 0x00000007c0000000, 0x00000007c0000000)
  eden space 3196416K, 0% used [0x00000006be800000,0x00000006be800000,0x0000000781980000)
  from space 495104K, 14% used [0x0000000781980000,0x0000000785d78000,0x000000079fd00000)
  to   space 476160K, 0% used [0x00000007a2f00000,0x00000007a2f00000,0x00000007c0000000)
 ParOldGen       total 2170880K, used 1992621K [0x000000063a000000, 0x00000006be800000, 0x00000006be800000)
  object space 2170880K, 91% used [0x000000063a000000,0x00000006b39eb510,0x00000006be800000)
 Metaspace       used 16919K, capacity 17184K, committed 17280K, reserved 1064960K
  class space    used 1832K, capacity 1920K, committed 1920K, reserved 1048576K
GC Heap History (10 events):
Event: 144.804 GC heap after
Heap after GC invocations=33 (full 1):
 PSYoungGen      total 3725312K, used 217504K [0x00000006be800000, 0x00000007c0000000, 0x00000007c0000000)
  eden space 3236864K, 0% used [0x00000006be800000,0x00000006be800000,0x0000000784100000)
  from space 488448K, 44% used [0x00000007a2300000,0x00000007af768000,0x00000007c0000000)
  to   space 491008K, 0% used [0x0000000784100000,0x0000000784100000,0x00000007a2080000)
 ParOldGen       total 2170880K, used 1491358K [0x000000063a000000, 0x00000006be800000, 0x00000006be800000)
  object space 2170880K, 68% used [0x000000063a000000,0x0000000695067968,0x00000006be800000)
 Metaspace       used 16901K, capacity 17172K, committed 17280K, reserved 1064960K
  class space    used 1831K, capacity 1918K, committed 1920K, reserved 1048576K
}
Event: 146.817 GC heap before
{Heap before GC invocations=34 (full 1):
 PSYoungGen      total 3725312K, used 3454368K [0x00000006be800000, 0x00000007c0000000, 0x00000007c0000000)
  eden space 3236864K, 100% used [0x00000006be800000,0x0000000784100000,0x0000000784100000)
  from space 488448K, 44% used [0x00000007a2300000,0x00000007af768000,0x00000007c0000000)
  to   space 491008K, 0% used [0x0000000784100000,0x0000000784100000,0x00000007a2080000)
 ParOldGen       total 2170880K, used 1491358K [0x000000063a000000, 0x00000006be800000, 0x00000006be800000)
  object space 2170880K, 68% used [0x000000063a000000,0x0000000695067968,0x00000006be800000)
 Metaspace       used 16901K, capacity 17172K, committed 17280K, reserved 1064960K
  class space    used 1831K, capacity 1918K, committed 1920K, reserved 1048576K
Event: 149.310 GC heap after
Heap after GC invocations=34 (full 1):
 PSYoungGen      total 3530240K, used 293216K [0x00000006be800000, 0x00000007c0000000, 0x00000007c0000000)
  eden space 3236864K, 0% used [0x00000006be800000,0x00000006be800000,0x0000000784100000)
  from space 293376K, 99% used [0x0000000784100000,0x0000000795f58000,0x0000000795f80000)
  to   space 518656K, 0% used [0x00000007a0580000,0x00000007a0580000,0x00000007c0000000)
 ParOldGen       total 2170880K, used 1491358K [0x000000063a000000, 0x00000006be800000, 0x00000006be800000)
  object space 2170880K, 68% used [0x000000063a000000,0x0000000695067968,0x00000006be800000)
 Metaspace       used 16901K, capacity 17172K, committed 17280K, reserved 1064960K
  class space    used 1831K, capacity 1918K, committed 1920K, reserved 1048576K
}
Event: 151.268 GC heap before
{Heap before GC invocations=35 (full 1):
 PSYoungGen      total 3530240K, used 3530080K [0x00000006be800000, 0x00000007c0000000, 0x00000007c0000000)
  eden space 3236864K, 100% used [0x00000006be800000,0x0000000784100000,0x0000000784100000)
  from space 293376K, 99% used [0x0000000784100000,0x0000000795f58000,0x0000000795f80000)
  to   space 518656K, 0% used [0x00000007a0580000,0x00000007a0580000,0x00000007c0000000)
 ParOldGen       total 2170880K, used 1491358K [0x000000063a000000, 0x00000006be800000, 0x00000006be800000)
  object space 2170880K, 68% used [0x000000063a000000,0x0000000695067968,0x00000006be800000)
 Metaspace       used 16901K, capacity 17172K, committed 17280K, reserved 1064960K
  class space    used 1831K, capacity 1918K, committed 1920K, reserved 1048576K
Event: 159.987 GC heap after
Heap after GC invocations=35 (full 1):
 PSYoungGen      total 3657216K, used 297280K [0x00000006be800000, 0x00000007c0000000, 0x00000007c0000000)
  eden space 3138560K, 0% used [0x00000006be800000,0x00000006be800000,0x000000077e100000)
  from space 518656K, 57% used [0x00000007a0580000,0x00000007b27d0000,0x00000007c0000000)
  to   space 540160K, 0% used [0x000000077e100000,0x000000077e100000,0x000000079f080000)
 ParOldGen       total 2170880K, used 1561550K [0x000000063a000000, 0x00000006be800000, 0x00000006be800000)
  object space 2170880K, 71% used [0x000000063a000000,0x00000006994f3968,0x00000006be800000)
 Metaspace       used 16901K, capacity 17172K, committed 17280K, reserved 1064960K
  class space    used 1831K, capacity 1918K, committed 1920K, reserved 1048576K
}
Event: 166.277 GC heap before
{Heap before GC invocations=36 (full 1):
 PSYoungGen      total 3657216K, used 3435840K [0x00000006be800000, 0x00000007c0000000, 0x00000007c0000000)
  eden space 3138560K, 100% used [0x00000006be800000,0x000000077e100000,0x000000077e100000)
  from space 518656K, 57% used [0x00000007a0580000,0x00000007b27d0000,0x00000007c0000000)
  to   space 540160K, 0% used [0x000000077e100000,0x000000077e100000,0x000000079f080000)
 ParOldGen       total 2170880K, used 1561550K [0x000000063a000000, 0x00000006be800000, 0x00000006be800000)
  object space 2170880K, 71% used [0x000000063a000000,0x00000006994f3968,0x00000006be800000)
 Metaspace       used 16901K, capacity 17172K, committed 17280K, reserved 1064960K
  class space    used 1831K, capacity 1918K, committed 1920K, reserved 1048576K
Event: 167.961 GC heap after
Heap after GC invocations=36 (full 1):
 PSYoungGen      total 3678720K, used 222496K [0x00000006be800000, 0x00000007c0000000, 0x00000007c0000000)
  eden space 3138560K, 0% used [0x00000006be800000,0x00000006be800000,0x000000077e100000)
  from space 540160K, 41% used [0x000000077e100000,0x000000078ba48000,0x000000079f080000)
  to   space 527360K, 0% used [0x000000079fd00000,0x000000079fd00000,0x00000007c0000000)
 ParOldGen       total 2170880K, used 1709638K [0x000000063a000000, 0x00000006be800000, 0x00000006be800000)
  object space 2170880K, 78% used [0x000000063a000000,0x00000006a2591968,0x00000006be800000)
 Metaspace       used 16901K, capacity 17172K, committed 17280K, reserved 1064960K
  class space    used 1831K, capacity 1918K, committed 1920K, reserved 1048576K
}
Event: 175.579 GC heap before
{Heap before GC invocations=37 (full 1):
 PSYoungGen      total 3678720K, used 3361056K [0x00000006be800000, 0x00000007c0000000, 0x00000007c0000000)
  eden space 3138560K, 100% used [0x00000006be800000,0x000000077e100000,0x000000077e100000)
  from space 540160K, 41% used [0x000000077e100000,0x000000078ba48000,0x000000079f080000)
  to   space 527360K, 0% used [0x000000079fd00000,0x000000079fd00000,0x00000007c0000000)
 ParOldGen       total 2170880K, used 1709638K [0x000000063a000000, 0x00000006be800000, 0x00000006be800000)
  object space 2170880K, 78% used [0x000000063a000000,0x00000006a2591968,0x00000006be800000)
 Metaspace       used 16909K, capacity 17184K, committed 17280K, reserved 1064960K
  class space    used 1832K, capacity 1920K, committed 1920K, reserved 1048576K
Event: 177.244 GC heap after
Heap after GC invocations=37 (full 1):
 PSYoungGen      total 3723776K, used 132310K [0x00000006be800000, 0x00000007c0000000, 0x00000007c0000000)
  eden space 3196416K, 0% used [0x00000006be800000,0x00000006be800000,0x0000000781980000)
  from space 527360K, 25% used [0x000000079fd00000,0x00000007a7e35ba8,0x00000007c0000000)
  to   space 495104K, 0% used [0x0000000781980000,0x0000000781980000,0x000000079fd00000)
 ParOldGen       total 2170880K, used 1859878K [0x000000063a000000, 0x00000006be800000, 0x00000006be800000)
  object space 2170880K, 85% used [0x000000063a000000,0x00000006ab849968,0x00000006be800000)
 Metaspace       used 16909K, capacity 17184K, committed 17280K, reserved 1064960K
  class space    used 1832K, capacity 1920K, committed 1920K, reserved 1048576K
}
Event: 181.167 GC heap before
{Heap before GC invocations=38 (full 1):
 PSYoungGen      total 3723776K, used 3328726K [0x00000006be800000, 0x00000007c0000000, 0x00000007c0000000)
  eden space 3196416K, 100% used [0x00000006be800000,0x0000000781980000,0x0000000781980000)
  from space 527360K, 25% used [0x000000079fd00000,0x00000007a7e35ba8,0x00000007c0000000)
  to   space 495104K, 0% used [0x0000000781980000,0x0000000781980000,0x000000079fd00000)
 ParOldGen       total 2170880K, used 1859878K [0x000000063a000000, 0x00000006be800000, 0x00000006be800000)
  object space 2170880K, 85% used [0x000000063a000000,0x00000006ab849968,0x00000006be800000)
 Metaspace       used 16919K, capacity 17184K, committed 17280K, reserved 1064960K
  class space    used 1832K, capacity 1920K, committed 1920K, reserved 1048576K

