# JRE version: OpenJDK Runtime Environment (8.0_332-b09) (build 1.8.0_332-b09)
# Java VM: OpenJDK 64-Bit Server VM (25.332-b09 mixed mode windows-amd64 compressed oops)
Heap:
 PSYoungGen      total 3701248K, used 2123478K [0x00000006be800000, 0x00000007c0000000, 0x00000007c0000000)
  eden space 3198976K, 63% used [0x00000006be800000,0x000000073b6bd970,0x0000000781c00000)
  from space 502272K, 15% used [0x0000000781c00000,0x00000007866f8000,0x00000007a0680000)
  to   space 483840K, 0% used [0x00000007a2780000,0x00000007a2780000,0x00000007c0000000)
 ParOldGen       total 2170880K, used 1313900K [0x000000063a000000, 0x00000006be800000, 0x00000006be800000)
  object space 2170880K, 60% used [0x000000063a000000,0x000000068a31b290,0x00000006be800000)
 Metaspace       used 16902K, capacity 17164K, committed 17280K, reserved 1064960K
  class space    used 1831K, capacity 1918K, committed 1920K, reserved 1048576K
GC Heap History (10 events):
Event: 62.789 GC heap after
Heap after GC invocations=14 (full 0):
 PSYoungGen      total 3664896K, used 74656K [0x00000006be800000, 0x00000007c0000000, 0x00000007c0000000)
  eden space 3104768K, 0% used [0x00000006be800000,0x00000006be800000,0x000000077c000000)
  from space 560128K, 13% used [0x000000079dd00000,0x00000007a25e8000,0x00000007c0000000)
  to   space 553984K, 0% used [0x000000077c000000,0x000000077c000000,0x000000079dd00000)
 ParOldGen       total 1146880K, used 958929K [0x000000063a000000, 0x0000000680000000, 0x00000006be800000)
  object space 1146880K, 83% used [0x000000063a000000,0x0000000674874480,0x0000000680000000)
 Metaspace       used 16891K, capacity 17164K, committed 17280K, reserved 1064960K
  class space    used 1831K, capacity 1918K, committed 1920K, reserved 1048576K
}
Event: 67.961 GC heap before
{Heap before GC invocations=15 (full 0):
 PSYoungGen      total 3664896K, used 3179424K [0x00000006be800000, 0x00000007c0000000, 0x00000007c0000000)
  eden space 3104768K, 100% used [0x00000006be800000,0x000000077c000000,0x000000077c000000)
  from space 560128K, 13% used [0x000000079dd00000,0x00000007a25e8000,0x00000007c0000000)
  to   space 553984K, 0% used [0x000000077c000000,0x000000077c000000,0x000000079dd00000)
 ParOldGen       total 1146880K, used 958929K [0x000000063a000000, 0x0000000680000000, 0x00000006be800000)
  object space 1146880K, 83% used [0x000000063a000000,0x0000000674874480,0x0000000680000000)
 Metaspace       used 16891K, capacity 17164K, committed 17280K, reserved 1064960K
  class space    used 1831K, capacity 1918K, committed 1920K, reserved 1048576K
Event: 68.670 GC heap after
Heap after GC invocations=15 (full 0):
 PSYoungGen      total 3658752K, used 74880K [0x00000006be800000, 0x00000007c0000000, 0x00000007c0000000)
  eden space 3104768K, 0% used [0x00000006be800000,0x00000006be800000,0x000000077c000000)
  from space 553984K, 13% used [0x000000077c000000,0x0000000780920000,0x000000079dd00000)
  to   space 544256K, 0% used [0x000000079ec80000,0x000000079ec80000,0x00000007c0000000)
 ParOldGen       total 1146880K, used 1033865K [0x000000063a000000, 0x0000000680000000, 0x00000006be800000)
  object space 1146880K, 90% used [0x000000063a000000,0x00000006791a2480,0x0000000680000000)
 Metaspace       used 16891K, capacity 17164K, committed 17280K, reserved 1064960K
  class space    used 1831K, capacity 1918K, committed 1920K, reserved 1048576K
}
Event: 68.670 GC heap before
{Heap before GC invocations=16 (full 1):
 PSYoungGen      total 3658752K, used 74880K [0x00000006be800000, 0x00000007c0000000, 0x00000007c0000000)
  eden space 3104768K, 0% used [0x00000006be800000,0x00000006be800000,0x000000077c000000)
  from space 553984K, 13% used [0x000000077c000000,0x0000000780920000,0x000000079dd00000)
  to   space 544256K, 0% used [0x000000079ec80000,0x000000079ec80000,0x00000007c0000000)
 ParOldGen       total 1146880K, used 1033865K [0x000000063a000000, 0x0000000680000000, 0x00000006be800000)
  object space 1146880K, 90% used [0x000000063a000000,0x00000006791a2480,0x0000000680000000)
 Metaspace       used 16891K, capacity 17164K, committed 17280K, reserved 1064960K
  class space    used 1831K, capacity 1918K, committed 1920K, reserved 1048576K
Event: 75.206 GC heap after
Heap after GC invocations=16 (full 1):
 PSYoungGen      total 3658752K, used 0K [0x00000006be800000, 0x00000007c0000000, 0x00000007c0000000)
  eden space 3104768K, 0% used [0x00000006be800000,0x00000006be800000,0x000000077c000000)
  from space 553984K, 0% used [0x000000077c000000,0x000000077c000000,0x000000079dd00000)
  to   space 544256K, 0% used [0x000000079ec80000,0x000000079ec80000,0x00000007c0000000)
 ParOldGen       total 2170880K, used 1102632K [0x000000063a000000, 0x00000006be800000, 0x00000006be800000)
  object space 2170880K, 50% used [0x000000063a000000,0x000000067d4ca018,0x00000006be800000)
 Metaspace       used 16891K, capacity 17164K, committed 17280K, reserved 1064960K
  class space    used 1831K, capacity 1918K, committed 1920K, reserved 1048576K
}
Event: 118.584 GC heap before
{Heap before GC invocations=17 (full 1):
 PSYoungGen      total 3658752K, used 3104768K [0x00000006be800000, 0x00000007c0000000, 0x00000007c0000000)
  eden space 3104768K, 100% used [0x00000006be800000,0x000000077c000000,0x000000077c000000)
  from space 553984K, 0% used [0x000000077c000000,0x000000077c000000,0x000000079dd00000)
  to   space 544256K, 0% used [0x000000079ec80000,0x000000079ec80000,0x00000007c0000000)
 ParOldGen       total 2170880K, used 1102632K [0x000000063a000000, 0x00000006be800000, 0x00000006be800000)
  object space 2170880K, 50% used [0x000000063a000000,0x000000067d4ca018,0x00000006be800000)
 Metaspace       used 16891K, capacity 17164K, committed 17280K, reserved 1064960K
  class space    used 1831K, capacity 1918K, committed 1920K, reserved 1048576K
Event: 118.679 GC heap after
Heap after GC invocations=17 (full 1):
 PSYoungGen      total 3686912K, used 72736K [0x00000006be800000, 0x00000007c0000000, 0x00000007c0000000)
  eden space 3142656K, 0% used [0x00000006be800000,0x00000006be800000,0x000000077e500000)
  from space 544256K, 13% used [0x000000079ec80000,0x00000007a3388000,0x00000007c0000000)
  to   space 531968K, 0% used [0x000000077e500000,0x000000077e500000,0x000000079ec80000)
 ParOldGen       total 2170880K, used 1102632K [0x000000063a000000, 0x00000006be800000, 0x00000006be800000)
  object space 2170880K, 50% used [0x000000063a000000,0x000000067d4ca018,0x00000006be800000)
 Metaspace       used 16891K, capacity 17164K, committed 17280K, reserved 1064960K
  class space    used 1831K, capacity 1918K, committed 1920K, reserved 1048576K
}
Event: 121.160 GC heap before
{Heap before GC invocations=18 (full 1):
 PSYoungGen      total 3686912K, used 3215392K [0x00000006be800000, 0x00000007c0000000, 0x00000007c0000000)
  eden space 3142656K, 100% used [0x00000006be800000,0x000000077e500000,0x000000077e500000)
  from space 544256K, 13% used [0x000000079ec80000,0x00000007a3388000,0x00000007c0000000)
  to   space 531968K, 0% used [0x000000077e500000,0x000000077e500000,0x000000079ec80000)
 ParOldGen       total 2170880K, used 1102632K [0x000000063a000000, 0x00000006be800000, 0x00000006be800000)
  object space 2170880K, 50% used [0x000000063a000000,0x000000067d4ca018,0x00000006be800000)
 Metaspace       used 16898K, capacity 17164K, committed 17280K, reserved 1064960K
  class space    used 1831K, capacity 1918K, committed 1920K, reserved 1048576K
Event: 122.962 GC heap after
Heap after GC invocations=18 (full 1):
 PSYoungGen      total 3674624K, used 70048K [0x00000006be800000, 0x00000007c0000000, 0x00000007c0000000)
  eden space 3142656K, 0% used [0x00000006be800000,0x00000006be800000,0x000000077e500000)
  from space 531968K, 13% used [0x000000077e500000,0x0000000782968000,0x000000079ec80000)
  to   space 517632K, 0% used [0x00000007a0680000,0x00000007a0680000,0x00000007c0000000)
 ParOldGen       total 2170880K, used 1175648K [0x000000063a000000, 0x00000006be800000, 0x00000006be800000)
  object space 2170880K, 54% used [0x000000063a000000,0x0000000681c18018,0x00000006be800000)
 Metaspace       used 16898K, capacity 17164K, committed 17280K, reserved 1064960K
  class space    used 1831K, capacity 1918K, committed 1920K, reserved 1048576K
}
Event: 127.935 GC heap before
{Heap before GC invocations=19 (full 1):
 PSYoungGen      total 3674624K, used 3212704K [0x00000006be800000, 0x00000007c0000000, 0x00000007c0000000)
  eden space 3142656K, 100% used [0x00000006be800000,0x000000077e500000,0x000000077e500000)
  from space 531968K, 13% used [0x000000077e500000,0x0000000782968000,0x000000079ec80000)
  to   space 517632K, 0% used [0x00000007a0680000,0x00000007a0680000,0x00000007c0000000)
 ParOldGen       total 2170880K, used 1175648K [0x000000063a000000, 0x00000006be800000, 0x00000006be800000)
  object space 2170880K, 54% used [0x000000063a000000,0x0000000681c18018,0x00000006be800000)
 Metaspace       used 16902K, capacity 17164K, committed 17280K, reserved 1064960K
  class space    used 1831K, capacity 1918K, committed 1920K, reserved 1048576K

