# JRE version: OpenJDK Runtime Environment (8.0_332-b09) (build 1.8.0_332-b09)
# Java VM: OpenJDK 64-Bit Server VM (25.332-b09 mixed mode windows-amd64 compressed oops)
Heap:
 PSYoungGen      total 3857408K, used 1897254K [0x00000006be800000, 0x00000007c0000000, 0x00000007c0000000)
  eden space 3521024K, 52% used [0x00000006be800000,0x000000072e413eb0,0x0000000795680000)
  from space 336384K, 19% used [0x0000000795680000,0x0000000799735ba8,0x00000007a9f00000)
  to   space 315904K, 0% used [0x00000007acb80000,0x00000007acb80000,0x00000007c0000000)
 ParOldGen       total 2170880K, used 1972043K [0x000000063a000000, 0x00000006be800000, 0x00000006be800000)
  object space 2170880K, 90% used [0x000000063a000000,0x00000006b25d2e98,0x00000006be800000)
 Metaspace       used 16922K, capacity 17184K, committed 17280K, reserved 1064960K
  class space    used 1832K, capacity 1920K, committed 1920K, reserved 1048576K
GC Heap History (10 events):
Event: 145.005 GC heap before
{Heap before GC invocations=34 (full 1):
 PSYoungGen      total 3769856K, used 3360160K [0x00000006be800000, 0x00000007c0000000, 0x00000007c0000000)
  eden space 3287040K, 100% used [0x00000006be800000,0x0000000787200000,0x0000000787200000)
  from space 482816K, 15% used [0x00000007a2880000,0x00000007a6fe8000,0x00000007c0000000)
  to   space 449024K, 0% used [0x0000000787200000,0x0000000787200000,0x00000007a2880000)
 ParOldGen       total 2170880K, used 1588683K [0x000000063a000000, 0x00000006be800000, 0x00000006be800000)
  object space 2170880K, 73% used [0x000000063a000000,0x000000069af72e98,0x00000006be800000)
 Metaspace       used 16904K, capacity 17172K, committed 17280K, reserved 1064960K
  class space    used 1831K, capacity 1918K, committed 1920K, reserved 1048576K
Event: 145.933 GC heap after
Heap after GC invocations=34 (full 1):
 PSYoungGen      total 3736064K, used 76416K [0x00000006be800000, 0x00000007c0000000, 0x00000007c0000000)
  eden space 3287040K, 0% used [0x00000006be800000,0x00000006be800000,0x0000000787200000)
  from space 449024K, 17% used [0x0000000787200000,0x000000078bca0000,0x00000007a2880000)
  to   space 417280K, 0% used [0x00000007a6880000,0x00000007a6880000,0x00000007c0000000)
 ParOldGen       total 2170880K, used 1662059K [0x000000063a000000, 0x00000006be800000, 0x00000006be800000)
  object space 2170880K, 76% used [0x000000063a000000,0x000000069f71ae98,0x00000006be800000)
 Metaspace       used 16904K, capacity 17172K, committed 17280K, reserved 1064960K
  class space    used 1831K, capacity 1918K, committed 1920K, reserved 1048576K
}
Event: 148.040 GC heap before
{Heap before GC invocations=35 (full 1):
 PSYoungGen      total 3736064K, used 3363456K [0x00000006be800000, 0x00000007c0000000, 0x00000007c0000000)
  eden space 3287040K, 100% used [0x00000006be800000,0x0000000787200000,0x0000000787200000)
  from space 449024K, 17% used [0x0000000787200000,0x000000078bca0000,0x00000007a2880000)
  to   space 417280K, 0% used [0x00000007a6880000,0x00000007a6880000,0x00000007c0000000)
 ParOldGen       total 2170880K, used 1662059K [0x000000063a000000, 0x00000006be800000, 0x00000006be800000)
  object space 2170880K, 76% used [0x000000063a000000,0x000000069f71ae98,0x00000006be800000)
 Metaspace       used 16904K, capacity 17172K, committed 17280K, reserved 1064960K
  class space    used 1831K, capacity 1918K, committed 1920K, reserved 1048576K
Event: 148.566 GC heap after
Heap after GC invocations=35 (full 1):
 PSYoungGen      total 3830784K, used 76384K [0x00000006be800000, 0x00000007c0000000, 0x00000007c0000000)
  eden space 3413504K, 0% used [0x00000006be800000,0x00000006be800000,0x000000078ed80000)
  from space 417280K, 18% used [0x00000007a6880000,0x00000007ab318000,0x00000007c0000000)
  to   space 388096K, 0% used [0x000000078ed80000,0x000000078ed80000,0x00000007a6880000)
 ParOldGen       total 2170880K, used 1738723K [0x000000063a000000, 0x00000006be800000, 0x00000006be800000)
  object space 2170880K, 80% used [0x000000063a000000,0x00000006a41f8e98,0x00000006be800000)
 Metaspace       used 16904K, capacity 17172K, committed 17280K, reserved 1064960K
  class space    used 1831K, capacity 1918K, committed 1920K, reserved 1048576K
}
Event: 150.873 GC heap before
{Heap before GC invocations=36 (full 1):
 PSYoungGen      total 3830784K, used 3489888K [0x00000006be800000, 0x00000007c0000000, 0x00000007c0000000)
  eden space 3413504K, 100% used [0x00000006be800000,0x000000078ed80000,0x000000078ed80000)
  from space 417280K, 18% used [0x00000007a6880000,0x00000007ab318000,0x00000007c0000000)
  to   space 388096K, 0% used [0x000000078ed80000,0x000000078ed80000,0x00000007a6880000)
 ParOldGen       total 2170880K, used 1738723K [0x000000063a000000, 0x00000006be800000, 0x00000006be800000)
  object space 2170880K, 80% used [0x000000063a000000,0x00000006a41f8e98,0x00000006be800000)
 Metaspace       used 16904K, capacity 17172K, committed 17280K, reserved 1064960K
  class space    used 1831K, capacity 1918K, committed 1920K, reserved 1048576K
Event: 152.773 GC heap after
Heap after GC invocations=36 (full 1):
 PSYoungGen      total 3801600K, used 77216K [0x00000006be800000, 0x00000007c0000000, 0x00000007c0000000)
  eden space 3413504K, 0% used [0x00000006be800000,0x00000006be800000,0x000000078ed80000)
  from space 388096K, 19% used [0x000000078ed80000,0x00000007938e8000,0x00000007a6880000)
  to   space 361472K, 0% used [0x00000007a9f00000,0x00000007a9f00000,0x00000007c0000000)
 ParOldGen       total 2170880K, used 1815339K [0x000000063a000000, 0x00000006be800000, 0x00000006be800000)
  object space 2170880K, 83% used [0x000000063a000000,0x00000006a8ccae98,0x00000006be800000)
 Metaspace       used 16904K, capacity 17172K, committed 17280K, reserved 1064960K
  class space    used 1831K, capacity 1918K, committed 1920K, reserved 1048576K
}
Event: 155.277 GC heap before
{Heap before GC invocations=37 (full 1):
 PSYoungGen      total 3801600K, used 3490720K [0x00000006be800000, 0x00000007c0000000, 0x00000007c0000000)
  eden space 3413504K, 100% used [0x00000006be800000,0x000000078ed80000,0x000000078ed80000)
  from space 388096K, 19% used [0x000000078ed80000,0x00000007938e8000,0x00000007a6880000)
  to   space 361472K, 0% used [0x00000007a9f00000,0x00000007a9f00000,0x00000007c0000000)
 ParOldGen       total 2170880K, used 1815339K [0x000000063a000000, 0x00000006be800000, 0x00000006be800000)
  object space 2170880K, 83% used [0x000000063a000000,0x00000006a8ccae98,0x00000006be800000)
 Metaspace       used 16904K, capacity 17172K, committed 17280K, reserved 1064960K
  class space    used 1831K, capacity 1918K, committed 1920K, reserved 1048576K
Event: 158.513 GC heap after
Heap after GC invocations=37 (full 1):
 PSYoungGen      total 3882496K, used 79008K [0x00000006be800000, 0x00000007c0000000, 0x00000007c0000000)
  eden space 3521024K, 0% used [0x00000006be800000,0x00000006be800000,0x0000000795680000)
  from space 361472K, 21% used [0x00000007a9f00000,0x00000007aec28000,0x00000007c0000000)
  to   space 336384K, 0% used [0x0000000795680000,0x0000000795680000,0x00000007a9f00000)
 ParOldGen       total 2170880K, used 1892779K [0x000000063a000000, 0x00000006be800000, 0x00000006be800000)
  object space 2170880K, 87% used [0x000000063a000000,0x00000006ad86ae98,0x00000006be800000)
 Metaspace       used 16904K, capacity 17172K, committed 17280K, reserved 1064960K
  class space    used 1831K, capacity 1918K, committed 1920K, reserved 1048576K
}
Event: 162.900 GC heap before
{Heap before GC invocations=38 (full 1):
 PSYoungGen      total 3882496K, used 3600032K [0x00000006be800000, 0x00000007c0000000, 0x00000007c0000000)
  eden space 3521024K, 100% used [0x00000006be800000,0x0000000795680000,0x0000000795680000)
  from space 361472K, 21% used [0x00000007a9f00000,0x00000007aec28000,0x00000007c0000000)
  to   space 336384K, 0% used [0x0000000795680000,0x0000000795680000,0x00000007a9f00000)
 ParOldGen       total 2170880K, used 1892779K [0x000000063a000000, 0x00000006be800000, 0x00000006be800000)
  object space 2170880K, 87% used [0x000000063a000000,0x00000006ad86ae98,0x00000006be800000)
 Metaspace       used 16914K, capacity 17184K, committed 17280K, reserved 1064960K
  class space    used 1832K, capacity 1920K, committed 1920K, reserved 1048576K
Event: 163.410 GC heap after
Heap after GC invocations=38 (full 1):
 PSYoungGen      total 3857408K, used 66262K [0x00000006be800000, 0x00000007c0000000, 0x00000007c0000000)
  eden space 3521024K, 0% used [0x00000006be800000,0x00000006be800000,0x0000000795680000)
  from space 336384K, 19% used [0x0000000795680000,0x0000000799735ba8,0x00000007a9f00000)
  to   space 315904K, 0% used [0x00000007acb80000,0x00000007acb80000,0x00000007c0000000)
 ParOldGen       total 2170880K, used 1972043K [0x000000063a000000, 0x00000006be800000, 0x00000006be800000)
  object space 2170880K, 90% used [0x000000063a000000,0x00000006b25d2e98,0x00000006be800000)
 Metaspace       used 16914K, capacity 17184K, committed 17280K, reserved 1064960K
  class space    used 1832K, capacity 1920K, committed 1920K, reserved 1048576K
}

