# JRE version: OpenJDK Runtime Environment (8.0_322-b06) (build 1.8.0_322-b06)
# Java VM: OpenJDK 64-Bit Server VM (25.322-b06 mixed mode windows-amd64 compressed oops)
Heap:
 PSYoungGen      total 3691520K, used 2527575K [0x00000006be800000, 0x00000007c0000000, 0x00000007c0000000)
  eden space 3189248K, 71% used [0x00000006be800000,0x000000074aa44ac0,0x0000000781280000)
  from space 502272K, 46% used [0x0000000781280000,0x000000078f491278,0x000000079fd00000)
  to   space 483328K, 0% used [0x00000007a2800000,0x00000007a2800000,0x00000007c0000000)
 ParOldGen       total 2170880K, used 1079118K [0x000000063a000000, 0x00000006be800000, 0x00000006be800000)
  object space 2170880K, 49% used [0x000000063a000000,0x000000067bdd39b8,0x00000006be800000)
 Metaspace       used 16931K, capacity 17196K, committed 17408K, reserved 1064960K
  class space    used 1834K, capacity 1924K, committed 2048K, reserved 1048576K
GC Heap History (10 events):
Event: 77.358 GC heap before
{Heap before GC invocations=14 (full 0):
 PSYoungGen      total 3678208K, used 3219200K [0x00000006be800000, 0x00000007c0000000, 0x00000007c0000000)
  eden space 3137536K, 100% used [0x00000006be800000,0x000000077e000000,0x000000077e000000)
  from space 540672K, 15% used [0x000000077e000000,0x0000000782fc0000,0x000000079f000000)
  to   space 540672K, 0% used [0x000000079f000000,0x000000079f000000,0x00000007c0000000)
 ParOldGen       total 1146880K, used 920857K [0x000000063a000000, 0x0000000680000000, 0x00000006be800000)
  object space 1146880K, 80% used [0x000000063a000000,0x00000006723467e8,0x0000000680000000)
 Metaspace       used 16903K, capacity 17160K, committed 17280K, reserved 1064960K
  class space    used 1831K, capacity 1918K, committed 1920K, reserved 1048576K
Event: 77.589 GC heap after
Heap after GC invocations=14 (full 0):
 PSYoungGen      total 3682816K, used 82240K [0x00000006be800000, 0x00000007c0000000, 0x00000007c0000000)
  eden space 3142144K, 0% used [0x00000006be800000,0x00000006be800000,0x000000077e480000)
  from space 540672K, 15% used [0x000000079f000000,0x00000007a4050000,0x00000007c0000000)
  to   space 536064K, 0% used [0x000000077e480000,0x000000077e480000,0x000000079f000000)
 ParOldGen       total 1146880K, used 1002809K [0x000000063a000000, 0x0000000680000000, 0x00000006be800000)
  object space 1146880K, 87% used [0x000000063a000000,0x000000067734e7e8,0x0000000680000000)
 Metaspace       used 16903K, capacity 17160K, committed 17280K, reserved 1064960K
  class space    used 1831K, capacity 1918K, committed 1920K, reserved 1048576K
}
Event: 77.590 GC heap before
{Heap before GC invocations=15 (full 1):
 PSYoungGen      total 3682816K, used 82240K [0x00000006be800000, 0x00000007c0000000, 0x00000007c0000000)
  eden space 3142144K, 0% used [0x00000006be800000,0x00000006be800000,0x000000077e480000)
  from space 540672K, 15% used [0x000000079f000000,0x00000007a4050000,0x00000007c0000000)
  to   space 536064K, 0% used [0x000000077e480000,0x000000077e480000,0x000000079f000000)
 ParOldGen       total 1146880K, used 1002809K [0x000000063a000000, 0x0000000680000000, 0x00000006be800000)
  object space 1146880K, 87% used [0x000000063a000000,0x000000067734e7e8,0x0000000680000000)
 Metaspace       used 16903K, capacity 17160K, committed 17280K, reserved 1064960K
  class space    used 1831K, capacity 1918K, committed 1920K, reserved 1048576K
Event: 89.686 GC heap after
Heap after GC invocations=15 (full 1):
 PSYoungGen      total 3682816K, used 0K [0x00000006be800000, 0x00000007c0000000, 0x00000007c0000000)
  eden space 3142144K, 0% used [0x00000006be800000,0x00000006be800000,0x000000077e480000)
  from space 540672K, 0% used [0x000000079f000000,0x000000079f000000,0x00000007c0000000)
  to   space 536064K, 0% used [0x000000077e480000,0x000000077e480000,0x000000079f000000)
 ParOldGen       total 2170880K, used 1079118K [0x000000063a000000, 0x00000006be800000, 0x00000006be800000)
  object space 2170880K, 49% used [0x000000063a000000,0x000000067bdd39b8,0x00000006be800000)
 Metaspace       used 16903K, capacity 17160K, committed 17280K, reserved 1064960K
  class space    used 1831K, capacity 1918K, committed 1920K, reserved 1048576K
}
Event: 100.439 GC heap before
{Heap before GC invocations=16 (full 1):
 PSYoungGen      total 3682816K, used 3142144K [0x00000006be800000, 0x00000007c0000000, 0x00000007c0000000)
  eden space 3142144K, 100% used [0x00000006be800000,0x000000077e480000,0x000000077e480000)
  from space 540672K, 0% used [0x000000079f000000,0x000000079f000000,0x00000007c0000000)
  to   space 536064K, 0% used [0x000000077e480000,0x000000077e480000,0x000000079f000000)
 ParOldGen       total 2170880K, used 1079118K [0x000000063a000000, 0x00000006be800000, 0x00000006be800000)
  object space 2170880K, 49% used [0x000000063a000000,0x000000067bdd39b8,0x00000006be800000)
 Metaspace       used 16903K, capacity 17160K, committed 17280K, reserved 1064960K
  class space    used 1831K, capacity 1918K, committed 1920K, reserved 1048576K
Event: 101.266 GC heap after
Heap after GC invocations=16 (full 1):
 PSYoungGen      total 3678208K, used 82240K [0x00000006be800000, 0x00000007c0000000, 0x00000007c0000000)
  eden space 3142144K, 0% used [0x00000006be800000,0x00000006be800000,0x000000077e480000)
  from space 536064K, 15% used [0x000000077e480000,0x00000007834d0000,0x000000079f000000)
  to   space 527360K, 0% used [0x000000079fd00000,0x000000079fd00000,0x00000007c0000000)
 ParOldGen       total 2170880K, used 1079118K [0x000000063a000000, 0x00000006be800000, 0x00000006be800000)
  object space 2170880K, 49% used [0x000000063a000000,0x000000067bdd39b8,0x00000006be800000)
 Metaspace       used 16903K, capacity 17160K, committed 17280K, reserved 1064960K
  class space    used 1831K, capacity 1918K, committed 1920K, reserved 1048576K
}
Event: 160.489 GC heap before
{Heap before GC invocations=17 (full 1):
 PSYoungGen      total 3678208K, used 3224384K [0x00000006be800000, 0x00000007c0000000, 0x00000007c0000000)
  eden space 3142144K, 100% used [0x00000006be800000,0x000000077e480000,0x000000077e480000)
  from space 536064K, 15% used [0x000000077e480000,0x00000007834d0000,0x000000079f000000)
  to   space 527360K, 0% used [0x000000079fd00000,0x000000079fd00000,0x00000007c0000000)
 ParOldGen       total 2170880K, used 1079118K [0x000000063a000000, 0x00000006be800000, 0x00000006be800000)
  object space 2170880K, 49% used [0x000000063a000000,0x000000067bdd39b8,0x00000006be800000)
 Metaspace       used 16903K, capacity 17160K, committed 17280K, reserved 1064960K
  class space    used 1831K, capacity 1918K, committed 1920K, reserved 1048576K
Event: 161.281 GC heap after
Heap after GC invocations=17 (full 1):
 PSYoungGen      total 3716608K, used 163200K [0x00000006be800000, 0x00000007c0000000, 0x00000007c0000000)
  eden space 3189248K, 0% used [0x00000006be800000,0x00000006be800000,0x0000000781280000)
  from space 527360K, 30% used [0x000000079fd00000,0x00000007a9c60000,0x00000007c0000000)
  to   space 502272K, 0% used [0x0000000781280000,0x0000000781280000,0x000000079fd00000)
 ParOldGen       total 2170880K, used 1079118K [0x000000063a000000, 0x00000006be800000, 0x00000006be800000)
  object space 2170880K, 49% used [0x000000063a000000,0x000000067bdd39b8,0x00000006be800000)
 Metaspace       used 16903K, capacity 17160K, committed 17280K, reserved 1064960K
  class space    used 1831K, capacity 1918K, committed 1920K, reserved 1048576K
}
Event: 169.238 GC heap before
{Heap before GC invocations=18 (full 1):
 PSYoungGen      total 3716608K, used 3352448K [0x00000006be800000, 0x00000007c0000000, 0x00000007c0000000)
  eden space 3189248K, 100% used [0x00000006be800000,0x0000000781280000,0x0000000781280000)
  from space 527360K, 30% used [0x000000079fd00000,0x00000007a9c60000,0x00000007c0000000)
  to   space 502272K, 0% used [0x0000000781280000,0x0000000781280000,0x000000079fd00000)
 ParOldGen       total 2170880K, used 1079118K [0x000000063a000000, 0x00000006be800000, 0x00000006be800000)
  object space 2170880K, 49% used [0x000000063a000000,0x000000067bdd39b8,0x00000006be800000)
 Metaspace       used 16931K, capacity 17196K, committed 17408K, reserved 1064960K
  class space    used 1834K, capacity 1924K, committed 2048K, reserved 1048576K
Event: 173.861 GC heap after
Heap after GC invocations=18 (full 1):
 PSYoungGen      total 3691520K, used 231492K [0x00000006be800000, 0x00000007c0000000, 0x00000007c0000000)
  eden space 3189248K, 0% used [0x00000006be800000,0x00000006be800000,0x0000000781280000)
  from space 502272K, 46% used [0x0000000781280000,0x000000078f491278,0x000000079fd00000)
  to   space 483328K, 0% used [0x00000007a2800000,0x00000007a2800000,0x00000007c0000000)
 ParOldGen       total 2170880K, used 1079118K [0x000000063a000000, 0x00000006be800000, 0x00000006be800000)
  object space 2170880K, 49% used [0x000000063a000000,0x000000067bdd39b8,0x00000006be800000)
 Metaspace       used 16931K, capacity 17196K, committed 17408K, reserved 1064960K
  class space    used 1834K, capacity 1924K, committed 2048K, reserved 1048576K
}

