# JRE version: OpenJDK Runtime Environment (8.0_332-b09) (build 1.8.0_332-b09)
# Java VM: OpenJDK 64-Bit Server VM (25.332-b09 mixed mode windows-amd64 compressed oops)
Heap:
 PSYoungGen      total 3815424K, used 1517117K [0x00000006be800000, 0x00000007c0000000, 0x00000007c0000000)
  eden space 3429888K, 41% used [0x00000006be800000,0x00000007166af510,0x000000078fd80000)
  from space 385536K, 19% used [0x000000078fd80000,0x0000000794860000,0x00000007a7600000)
  to   space 367616K, 0% used [0x00000007a9900000,0x00000007a9900000,0x00000007c0000000)
 ParOldGen       total 2170880K, used 1799670K [0x000000063a000000, 0x00000006be800000, 0x00000006be800000)
  object space 2170880K, 82% used [0x000000063a000000,0x00000006a7d7d8a0,0x00000006be800000)
 Metaspace       used 16997K, capacity 17264K, committed 17664K, reserved 1064960K
  class space    used 1838K, capacity 1924K, committed 2048K, reserved 1048576K
GC Heap History (10 events):
Event: 148.647 GC heap before
{Heap before GC invocations=22 (full 1):
 PSYoungGen      total 3762176K, used 3367104K [0x00000006be800000, 0x00000007c0000000, 0x00000007c0000000)
  eden space 3287552K, 100% used [0x00000006be800000,0x0000000787280000,0x0000000787280000)
  from space 474624K, 16% used [0x00000007a3080000,0x00000007a7e30000,0x00000007c0000000)
  to   space 456704K, 0% used [0x0000000787280000,0x0000000787280000,0x00000007a3080000)
 ParOldGen       total 2170880K, used 1424526K [0x000000063a000000, 0x00000006be800000, 0x00000006be800000)
  object space 2170880K, 65% used [0x000000063a000000,0x0000000690f238a0,0x00000006be800000)
 Metaspace       used 16931K, capacity 17200K, committed 17408K, reserved 1064960K
  class space    used 1834K, capacity 1924K, committed 2048K, reserved 1048576K
Event: 150.641 GC heap after
Heap after GC invocations=22 (full 1):
 PSYoungGen      total 3744256K, used 65792K [0x00000006be800000, 0x00000007c0000000, 0x00000007c0000000)
  eden space 3287552K, 0% used [0x00000006be800000,0x00000006be800000,0x0000000787280000)
  from space 456704K, 14% used [0x0000000787280000,0x000000078b2c0000,0x00000007a3080000)
  to   space 440320K, 0% used [0x00000007a5200000,0x00000007a5200000,0x00000007c0000000)
 ParOldGen       total 2170880K, used 1504342K [0x000000063a000000, 0x00000006be800000, 0x00000006be800000)
  object space 2170880K, 69% used [0x000000063a000000,0x0000000695d158a0,0x00000006be800000)
 Metaspace       used 16931K, capacity 17200K, committed 17408K, reserved 1064960K
  class space    used 1834K, capacity 1924K, committed 2048K, reserved 1048576K
}
Event: 153.032 GC heap before
{Heap before GC invocations=23 (full 1):
 PSYoungGen      total 3744256K, used 3353344K [0x00000006be800000, 0x00000007c0000000, 0x00000007c0000000)
  eden space 3287552K, 100% used [0x00000006be800000,0x0000000787280000,0x0000000787280000)
  from space 456704K, 14% used [0x0000000787280000,0x000000078b2c0000,0x00000007a3080000)
  to   space 440320K, 0% used [0x00000007a5200000,0x00000007a5200000,0x00000007c0000000)
 ParOldGen       total 2170880K, used 1504342K [0x000000063a000000, 0x00000006be800000, 0x00000006be800000)
  object space 2170880K, 69% used [0x000000063a000000,0x0000000695d158a0,0x00000006be800000)
 Metaspace       used 16931K, capacity 17200K, committed 17408K, reserved 1064960K
  class space    used 1834K, capacity 1924K, committed 2048K, reserved 1048576K
Event: 153.538 GC heap after
Heap after GC invocations=23 (full 1):
 PSYoungGen      total 3796480K, used 75072K [0x00000006be800000, 0x00000007c0000000, 0x00000007c0000000)
  eden space 3356160K, 0% used [0x00000006be800000,0x00000006be800000,0x000000078b580000)
  from space 440320K, 17% used [0x00000007a5200000,0x00000007a9b50000,0x00000007c0000000)
  to   space 422400K, 0% used [0x000000078b580000,0x000000078b580000,0x00000007a5200000)
 ParOldGen       total 2170880K, used 1570358K [0x000000063a000000, 0x00000006be800000, 0x00000006be800000)
  object space 2170880K, 72% used [0x000000063a000000,0x0000000699d8d8a0,0x00000006be800000)
 Metaspace       used 16931K, capacity 17200K, committed 17408K, reserved 1064960K
  class space    used 1834K, capacity 1924K, committed 2048K, reserved 1048576K
}
Event: 155.924 GC heap before
{Heap before GC invocations=24 (full 1):
 PSYoungGen      total 3796480K, used 3431232K [0x00000006be800000, 0x00000007c0000000, 0x00000007c0000000)
  eden space 3356160K, 100% used [0x00000006be800000,0x000000078b580000,0x000000078b580000)
  from space 440320K, 17% used [0x00000007a5200000,0x00000007a9b50000,0x00000007c0000000)
  to   space 422400K, 0% used [0x000000078b580000,0x000000078b580000,0x00000007a5200000)
 ParOldGen       total 2170880K, used 1570358K [0x000000063a000000, 0x00000006be800000, 0x00000006be800000)
  object space 2170880K, 72% used [0x000000063a000000,0x0000000699d8d8a0,0x00000006be800000)
 Metaspace       used 16931K, capacity 17200K, committed 17408K, reserved 1064960K
  class space    used 1834K, capacity 1924K, committed 2048K, reserved 1048576K
Event: 157.009 GC heap after
Heap after GC invocations=24 (full 1):
 PSYoungGen      total 3778560K, used 76672K [0x00000006be800000, 0x00000007c0000000, 0x00000007c0000000)
  eden space 3356160K, 0% used [0x00000006be800000,0x00000006be800000,0x000000078b580000)
  from space 422400K, 18% used [0x000000078b580000,0x0000000790060000,0x00000007a5200000)
  to   space 403456K, 0% used [0x00000007a7600000,0x00000007a7600000,0x00000007c0000000)
 ParOldGen       total 2170880K, used 1645726K [0x000000063a000000, 0x00000006be800000, 0x00000006be800000)
  object space 2170880K, 75% used [0x000000063a000000,0x000000069e7278a0,0x00000006be800000)
 Metaspace       used 16931K, capacity 17200K, committed 17408K, reserved 1064960K
  class space    used 1834K, capacity 1924K, committed 2048K, reserved 1048576K
}
Event: 159.539 GC heap before
{Heap before GC invocations=25 (full 1):
 PSYoungGen      total 3778560K, used 3432832K [0x00000006be800000, 0x00000007c0000000, 0x00000007c0000000)
  eden space 3356160K, 100% used [0x00000006be800000,0x000000078b580000,0x000000078b580000)
  from space 422400K, 18% used [0x000000078b580000,0x0000000790060000,0x00000007a5200000)
  to   space 403456K, 0% used [0x00000007a7600000,0x00000007a7600000,0x00000007c0000000)
 ParOldGen       total 2170880K, used 1645726K [0x000000063a000000, 0x00000006be800000, 0x00000006be800000)
  object space 2170880K, 75% used [0x000000063a000000,0x000000069e7278a0,0x00000006be800000)
 Metaspace       used 16931K, capacity 17200K, committed 17408K, reserved 1064960K
  class space    used 1834K, capacity 1924K, committed 2048K, reserved 1048576K
Event: 160.457 GC heap after
Heap after GC invocations=25 (full 1):
 PSYoungGen      total 3833344K, used 76672K [0x00000006be800000, 0x00000007c0000000, 0x00000007c0000000)
  eden space 3429888K, 0% used [0x00000006be800000,0x00000006be800000,0x000000078fd80000)
  from space 403456K, 19% used [0x00000007a7600000,0x00000007ac0e0000,0x00000007c0000000)
  to   space 385536K, 0% used [0x000000078fd80000,0x000000078fd80000,0x00000007a7600000)
 ParOldGen       total 2170880K, used 1722718K [0x000000063a000000, 0x00000006be800000, 0x00000006be800000)
  object space 2170880K, 79% used [0x000000063a000000,0x00000006a32578a0,0x00000006be800000)
 Metaspace       used 16931K, capacity 17200K, committed 17408K, reserved 1064960K
  class space    used 1834K, capacity 1924K, committed 2048K, reserved 1048576K
}
Event: 164.915 GC heap before
{Heap before GC invocations=26 (full 1):
 PSYoungGen      total 3833344K, used 3506560K [0x00000006be800000, 0x00000007c0000000, 0x00000007c0000000)
  eden space 3429888K, 100% used [0x00000006be800000,0x000000078fd80000,0x000000078fd80000)
  from space 403456K, 19% used [0x00000007a7600000,0x00000007ac0e0000,0x00000007c0000000)
  to   space 385536K, 0% used [0x000000078fd80000,0x000000078fd80000,0x00000007a7600000)
 ParOldGen       total 2170880K, used 1722718K [0x000000063a000000, 0x00000006be800000, 0x00000006be800000)
  object space 2170880K, 79% used [0x000000063a000000,0x00000006a32578a0,0x00000006be800000)
 Metaspace       used 16931K, capacity 17200K, committed 17408K, reserved 1064960K
  class space    used 1834K, capacity 1924K, committed 2048K, reserved 1048576K
Event: 171.292 GC heap after
Heap after GC invocations=26 (full 1):
 PSYoungGen      total 3815424K, used 76672K [0x00000006be800000, 0x00000007c0000000, 0x00000007c0000000)
  eden space 3429888K, 0% used [0x00000006be800000,0x00000006be800000,0x000000078fd80000)
  from space 385536K, 19% used [0x000000078fd80000,0x0000000794860000,0x00000007a7600000)
  to   space 367616K, 0% used [0x00000007a9900000,0x00000007a9900000,0x00000007c0000000)
 ParOldGen       total 2170880K, used 1799670K [0x000000063a000000, 0x00000006be800000, 0x00000006be800000)
  object space 2170880K, 82% used [0x000000063a000000,0x00000006a7d7d8a0,0x00000006be800000)
 Metaspace       used 16931K, capacity 17200K, committed 17408K, reserved 1064960K
  class space    used 1834K, capacity 1924K, committed 2048K, reserved 1048576K
}

