# JRE version: OpenJDK Runtime Environment (8.0_332-b09) (build 1.8.0_332-b09)
# Java VM: OpenJDK 64-Bit Server VM (25.332-b09 mixed mode windows-amd64 compressed oops)
Heap:
 PSYoungGen      total 3764224K, used 1318006K [0x00000006be800000, 0x00000007c0000000, 0x00000007c0000000)
  eden space 3280384K, 37% used [0x00000006be800000,0x000000070a945b78,0x0000000786b80000)
  from space 483840K, 14% used [0x00000007a2780000,0x00000007a6d58000,0x00000007c0000000)
  to   space 454656K, 0% used [0x0000000786b80000,0x0000000786b80000,0x00000007a2780000)
 ParOldGen       total 2170880K, used 1820777K [0x000000063a000000, 0x00000006be800000, 0x00000006be800000)
  object space 2170880K, 83% used [0x000000063a000000,0x00000006a921a5e0,0x00000006be800000)
 Metaspace       used 16978K, capacity 17248K, committed 17536K, reserved 1064960K
  class space    used 1836K, capacity 1920K, committed 1920K, reserved 1048576K
GC Heap History (10 events):
Event: 132.421 GC heap before
{Heap before GC invocations=27 (full 1):
 PSYoungGen      total 3529728K, used 2936032K [0x00000006be800000, 0x00000007c0000000, 0x00000007c0000000)
  eden space 2877952K, 100% used [0x00000006be800000,0x000000076e280000,0x000000076e280000)
  from space 651776K, 8% used [0x000000076e280000,0x0000000771b38000,0x0000000795f00000)
  to   space 616448K, 0% used [0x000000079a600000,0x000000079a600000,0x00000007c0000000)
 ParOldGen       total 2170880K, used 1486721K [0x000000063a000000, 0x00000006be800000, 0x00000006be800000)
  object space 2170880K, 68% used [0x000000063a000000,0x0000000694be05e0,0x00000006be800000)
 Metaspace       used 16911K, capacity 17184K, committed 17280K, reserved 1064960K
  class space    used 1832K, capacity 1920K, committed 1920K, reserved 1048576K
Event: 132.610 GC heap after
Heap after GC invocations=27 (full 1):
 PSYoungGen      total 3637248K, used 65728K [0x00000006be800000, 0x00000007c0000000, 0x00000007c0000000)
  eden space 3020800K, 0% used [0x00000006be800000,0x00000006be800000,0x0000000776e00000)
  from space 616448K, 10% used [0x000000079a600000,0x000000079e630000,0x00000007c0000000)
  to   space 581632K, 0% used [0x0000000776e00000,0x0000000776e00000,0x000000079a600000)
 ParOldGen       total 2170880K, used 1544969K [0x000000063a000000, 0x00000006be800000, 0x00000006be800000)
  object space 2170880K, 71% used [0x000000063a000000,0x00000006984c25e0,0x00000006be800000)
 Metaspace       used 16911K, capacity 17184K, committed 17280K, reserved 1064960K
  class space    used 1832K, capacity 1920K, committed 1920K, reserved 1048576K
}
Event: 135.949 GC heap before
{Heap before GC invocations=28 (full 1):
 PSYoungGen      total 3637248K, used 3086528K [0x00000006be800000, 0x00000007c0000000, 0x00000007c0000000)
  eden space 3020800K, 100% used [0x00000006be800000,0x0000000776e00000,0x0000000776e00000)
  from space 616448K, 10% used [0x000000079a600000,0x000000079e630000,0x00000007c0000000)
  to   space 581632K, 0% used [0x0000000776e00000,0x0000000776e00000,0x000000079a600000)
 ParOldGen       total 2170880K, used 1544969K [0x000000063a000000, 0x00000006be800000, 0x00000006be800000)
  object space 2170880K, 71% used [0x000000063a000000,0x00000006984c25e0,0x00000006be800000)
 Metaspace       used 16911K, capacity 17184K, committed 17280K, reserved 1064960K
  class space    used 1832K, capacity 1920K, committed 1920K, reserved 1048576K
Event: 137.324 GC heap after
Heap after GC invocations=28 (full 1):
 PSYoungGen      total 3602432K, used 69024K [0x00000006be800000, 0x00000007c0000000, 0x00000007c0000000)
  eden space 3020800K, 0% used [0x00000006be800000,0x00000006be800000,0x0000000776e00000)
  from space 581632K, 11% used [0x0000000776e00000,0x000000077b168000,0x000000079a600000)
  to   space 547328K, 0% used [0x000000079e980000,0x000000079e980000,0x00000007c0000000)
 ParOldGen       total 2170880K, used 1610969K [0x000000063a000000, 0x00000006be800000, 0x00000006be800000)
  object space 2170880K, 74% used [0x000000063a000000,0x000000069c5365e0,0x00000006be800000)
 Metaspace       used 16911K, capacity 17184K, committed 17280K, reserved 1064960K
  class space    used 1832K, capacity 1920K, committed 1920K, reserved 1048576K
}
Event: 139.358 GC heap before
{Heap before GC invocations=29 (full 1):
 PSYoungGen      total 3602432K, used 3089824K [0x00000006be800000, 0x00000007c0000000, 0x00000007c0000000)
  eden space 3020800K, 100% used [0x00000006be800000,0x0000000776e00000,0x0000000776e00000)
  from space 581632K, 11% used [0x0000000776e00000,0x000000077b168000,0x000000079a600000)
  to   space 547328K, 0% used [0x000000079e980000,0x000000079e980000,0x00000007c0000000)
 ParOldGen       total 2170880K, used 1610969K [0x000000063a000000, 0x00000006be800000, 0x00000006be800000)
  object space 2170880K, 74% used [0x000000063a000000,0x000000069c5365e0,0x00000006be800000)
 Metaspace       used 16911K, capacity 17184K, committed 17280K, reserved 1064960K
  class space    used 1832K, capacity 1920K, committed 1920K, reserved 1048576K
Event: 140.976 GC heap after
Heap after GC invocations=29 (full 1):
 PSYoungGen      total 3703808K, used 69024K [0x00000006be800000, 0x00000007c0000000, 0x00000007c0000000)
  eden space 3156480K, 0% used [0x00000006be800000,0x00000006be800000,0x000000077f280000)
  from space 547328K, 12% used [0x000000079e980000,0x00000007a2ce8000,0x00000007c0000000)
  to   space 515072K, 0% used [0x000000077f280000,0x000000077f280000,0x000000079e980000)
 ParOldGen       total 2170880K, used 1680241K [0x000000063a000000, 0x00000006be800000, 0x00000006be800000)
  object space 2170880K, 77% used [0x000000063a000000,0x00000006a08dc5e0,0x00000006be800000)
 Metaspace       used 16911K, capacity 17184K, committed 17280K, reserved 1064960K
  class space    used 1832K, capacity 1920K, committed 1920K, reserved 1048576K
}
Event: 144.144 GC heap before
{Heap before GC invocations=30 (full 1):
 PSYoungGen      total 3703808K, used 3225504K [0x00000006be800000, 0x00000007c0000000, 0x00000007c0000000)
  eden space 3156480K, 100% used [0x00000006be800000,0x000000077f280000,0x000000077f280000)
  from space 547328K, 12% used [0x000000079e980000,0x00000007a2ce8000,0x00000007c0000000)
  to   space 515072K, 0% used [0x000000077f280000,0x000000077f280000,0x000000079e980000)
 ParOldGen       total 2170880K, used 1680241K [0x000000063a000000, 0x00000006be800000, 0x00000006be800000)
  object space 2170880K, 77% used [0x000000063a000000,0x00000006a08dc5e0,0x00000006be800000)
 Metaspace       used 16911K, capacity 17184K, committed 17280K, reserved 1064960K
  class space    used 1832K, capacity 1920K, committed 1920K, reserved 1048576K
Event: 145.195 GC heap after
Heap after GC invocations=30 (full 1):
 PSYoungGen      total 3671552K, used 70976K [0x00000006be800000, 0x00000007c0000000, 0x00000007c0000000)
  eden space 3156480K, 0% used [0x00000006be800000,0x00000006be800000,0x000000077f280000)
  from space 515072K, 13% used [0x000000077f280000,0x00000007837d0000,0x000000079e980000)
  to   space 483840K, 0% used [0x00000007a2780000,0x00000007a2780000,0x00000007c0000000)
 ParOldGen       total 2170880K, used 1749521K [0x000000063a000000, 0x00000006be800000, 0x00000006be800000)
  object space 2170880K, 80% used [0x000000063a000000,0x00000006a4c845e0,0x00000006be800000)
 Metaspace       used 16911K, capacity 17184K, committed 17280K, reserved 1064960K
  class space    used 1832K, capacity 1920K, committed 1920K, reserved 1048576K
}
Event: 147.854 GC heap before
{Heap before GC invocations=31 (full 1):
 PSYoungGen      total 3671552K, used 3227456K [0x00000006be800000, 0x00000007c0000000, 0x00000007c0000000)
  eden space 3156480K, 100% used [0x00000006be800000,0x000000077f280000,0x000000077f280000)
  from space 515072K, 13% used [0x000000077f280000,0x00000007837d0000,0x000000079e980000)
  to   space 483840K, 0% used [0x00000007a2780000,0x00000007a2780000,0x00000007c0000000)
 ParOldGen       total 2170880K, used 1749521K [0x000000063a000000, 0x00000006be800000, 0x00000006be800000)
  object space 2170880K, 80% used [0x000000063a000000,0x00000006a4c845e0,0x00000006be800000)
 Metaspace       used 16911K, capacity 17184K, committed 17280K, reserved 1064960K
  class space    used 1832K, capacity 1920K, committed 1920K, reserved 1048576K
Event: 151.069 GC heap after
Heap after GC invocations=31 (full 1):
 PSYoungGen      total 3764224K, used 71520K [0x00000006be800000, 0x00000007c0000000, 0x00000007c0000000)
  eden space 3280384K, 0% used [0x00000006be800000,0x00000006be800000,0x0000000786b80000)
  from space 483840K, 14% used [0x00000007a2780000,0x00000007a6d58000,0x00000007c0000000)
  to   space 454656K, 0% used [0x0000000786b80000,0x0000000786b80000,0x00000007a2780000)
 ParOldGen       total 2170880K, used 1820777K [0x000000063a000000, 0x00000006be800000, 0x00000006be800000)
  object space 2170880K, 83% used [0x000000063a000000,0x00000006a921a5e0,0x00000006be800000)
 Metaspace       used 16911K, capacity 17184K, committed 17280K, reserved 1064960K
  class space    used 1832K, capacity 1920K, committed 1920K, reserved 1048576K
}

