# JRE version: OpenJDK Runtime Environment (8.0_342-b07) (build 1.8.0_342-b07)
# Java VM: OpenJDK 64-Bit Server VM (25.342-b07 mixed mode windows-amd64 compressed oops)
Heap:
 PSYoungGen      total 3691520K, used 742434K [0x00000006be800000, 0x00000007c0000000, 0x00000007c0000000)
  eden space 3164160K, 6% used [0x00000006be800000,0x00000006cbb18150,0x000000077fa00000)
  from space 527360K, 99% used [0x000000079fd00000,0x00000007bfef07f8,0x00000007c0000000)
  to   space 527360K, 0% used [0x000000077fa00000,0x000000077fa00000,0x000000079fd00000)
 ParOldGen       total 2170880K, used 1708035K [0x000000063a000000, 0x00000006be800000, 0x00000006be800000)
  object space 2170880K, 78% used [0x000000063a000000,0x00000006a2400cc8,0x00000006be800000)
 Metaspace       used 12807K, capacity 12962K, committed 13312K, reserved 1060864K
  class space    used 1379K, capacity 1419K, committed 1536K, reserved 1048576K
GC Heap History (6 events):
Event: 12.214 GC heap before
{Heap before GC invocations=1 (full 0):
 PSYoungGen      total 3691520K, used 3164160K [0x00000006be800000, 0x00000007c0000000, 0x00000007c0000000)
  eden space 3164160K, 100% used [0x00000006be800000,0x000000077fa00000,0x000000077fa00000)
  from space 527360K, 0% used [0x000000079fd00000,0x000000079fd00000,0x00000007c0000000)
  to   space 527360K, 0% used [0x000000077fa00000,0x000000077fa00000,0x000000079fd00000)
 ParOldGen       total 1146880K, used 0K [0x000000063a000000, 0x0000000680000000, 0x00000006be800000)
  object space 1146880K, 0% used [0x000000063a000000,0x000000063a000000,0x0000000680000000)
 Metaspace       used 11031K, capacity 11168K, committed 11264K, reserved 1058816K
  class space    used 1252K, capacity 1280K, committed 1280K, reserved 1048576K
Event: 12.583 GC heap after
Heap after GC invocations=1 (full 0):
 PSYoungGen      total 3691520K, used 382375K [0x00000006be800000, 0x00000007c0000000, 0x00000007c0000000)
  eden space 3164160K, 0% used [0x00000006be800000,0x00000006be800000,0x000000077fa00000)
  from space 527360K, 72% used [0x000000077fa00000,0x0000000796f69f88,0x000000079fd00000)
  to   space 527360K, 0% used [0x000000079fd00000,0x000000079fd00000,0x00000007c0000000)
 ParOldGen       total 1146880K, used 0K [0x000000063a000000, 0x0000000680000000, 0x00000006be800000)
  object space 1146880K, 0% used [0x000000063a000000,0x000000063a000000,0x0000000680000000)
 Metaspace       used 11031K, capacity 11168K, committed 11264K, reserved 1058816K
  class space    used 1252K, capacity 1280K, committed 1280K, reserved 1048576K
}
Event: 20.369 GC heap before
{Heap before GC invocations=2 (full 0):
 PSYoungGen      total 3691520K, used 3546535K [0x00000006be800000, 0x00000007c0000000, 0x00000007c0000000)
  eden space 3164160K, 100% used [0x00000006be800000,0x000000077fa00000,0x000000077fa00000)
  from space 527360K, 72% used [0x000000077fa00000,0x0000000796f69f88,0x000000079fd00000)
  to   space 527360K, 0% used [0x000000079fd00000,0x000000079fd00000,0x00000007c0000000)
 ParOldGen       total 1146880K, used 0K [0x000000063a000000, 0x0000000680000000, 0x00000006be800000)
  object space 1146880K, 0% used [0x000000063a000000,0x000000063a000000,0x0000000680000000)
 Metaspace       used 11121K, capacity 11238K, committed 11392K, reserved 1058816K
  class space    used 1253K, capacity 1281K, committed 1408K, reserved 1048576K
Event: 30.585 GC heap after
Heap after GC invocations=2 (full 0):
 PSYoungGen      total 3691520K, used 527356K [0x00000006be800000, 0x00000007c0000000, 0x00000007c0000000)
  eden space 3164160K, 0% used [0x00000006be800000,0x00000006be800000,0x000000077fa00000)
  from space 527360K, 99% used [0x000000079fd00000,0x00000007bffff088,0x00000007c0000000)
  to   space 527360K, 0% used [0x000000077fa00000,0x000000077fa00000,0x000000079fd00000)
 ParOldGen       total 1718784K, used 1718424K [0x000000063a000000, 0x00000006a2e80000, 0x00000006be800000)
  object space 1718784K, 99% used [0x000000063a000000,0x00000006a2e26298,0x00000006a2e80000)
 Metaspace       used 11121K, capacity 11238K, committed 11392K, reserved 1058816K
  class space    used 1253K, capacity 1281K, committed 1408K, reserved 1048576K
}
Event: 30.585 GC heap before
{Heap before GC invocations=3 (full 1):
 PSYoungGen      total 3691520K, used 527356K [0x00000006be800000, 0x00000007c0000000, 0x00000007c0000000)
  eden space 3164160K, 0% used [0x00000006be800000,0x00000006be800000,0x000000077fa00000)
  from space 527360K, 99% used [0x000000079fd00000,0x00000007bffff088,0x00000007c0000000)
  to   space 527360K, 0% used [0x000000077fa00000,0x000000077fa00000,0x000000079fd00000)
 ParOldGen       total 1718784K, used 1718424K [0x000000063a000000, 0x00000006a2e80000, 0x00000006be800000)
  object space 1718784K, 99% used [0x000000063a000000,0x00000006a2e26298,0x00000006a2e80000)
 Metaspace       used 11121K, capacity 11238K, committed 11392K, reserved 1058816K
  class space    used 1253K, capacity 1281K, committed 1408K, reserved 1048576K
Event: 43.730 GC heap after
Heap after GC invocations=3 (full 1):
 PSYoungGen      total 3691520K, used 526273K [0x00000006be800000, 0x00000007c0000000, 0x00000007c0000000)
  eden space 3164160K, 0% used [0x00000006be800000,0x00000006be800000,0x000000077fa00000)
  from space 527360K, 99% used [0x000000079fd00000,0x00000007bfef07f8,0x00000007c0000000)
  to   space 527360K, 0% used [0x000000077fa00000,0x000000077fa00000,0x000000079fd00000)
 ParOldGen       total 2170880K, used 1708035K [0x000000063a000000, 0x00000006be800000, 0x00000006be800000)
  object space 2170880K, 78% used [0x000000063a000000,0x00000006a2400cc8,0x00000006be800000)
 Metaspace       used 11121K, capacity 11238K, committed 11392K, reserved 1058816K
  class space    used 1253K, capacity 1281K, committed 1408K, reserved 1048576K
}

