# JRE version: OpenJDK Runtime Environment (8.0_332-b09) (build 1.8.0_332-b09)
# Java VM: OpenJDK 64-Bit Server VM (25.332-b09 mixed mode windows-amd64 compressed oops)
Heap:
 PSYoungGen      total 3292672K, used 733320K [0x00000006be800000, 0x00000007c0000000, 0x00000007c0000000)
  eden space 2402816K, 27% used [0x00000006be800000,0x00000006e78da240,0x0000000751280000)
  from space 889856K, 6% used [0x0000000751280000,0x0000000754dc8000,0x0000000787780000)
  to   space 850944K, 0% used [0x000000078c100000,0x000000078c100000,0x00000007c0000000)
 ParOldGen       total 2170880K, used 1115399K [0x000000063a000000, 0x00000006be800000, 0x00000006be800000)
  object space 2170880K, 51% used [0x000000063a000000,0x000000067e141e50,0x00000006be800000)
 Metaspace       used 16903K, capacity 17168K, committed 17280K, reserved 1064960K
  class space    used 1831K, capacity 1918K, committed 1920K, reserved 1048576K
GC Heap History (10 events):
Event: 104.716 GC heap before
{Heap before GC invocations=13 (full 1):
 PSYoungGen      total 2198016K, used 2197568K [0x00000006be800000, 0x00000007c0000000, 0x00000007c0000000)
  eden space 2143232K, 100% used [0x00000006be800000,0x0000000741500000,0x0000000741500000)
  from space 54784K, 99% used [0x0000000741500000,0x0000000744a10000,0x0000000744a80000)
  to   space 1047040K, 0% used [0x0000000780180000,0x0000000780180000,0x00000007c0000000)
 ParOldGen       total 2170880K, used 684647K [0x000000063a000000, 0x00000006be800000, 0x00000006be800000)
  object space 2170880K, 31% used [0x000000063a000000,0x0000000663c99ca8,0x00000006be800000)
 Metaspace       used 16881K, capacity 17168K, committed 17280K, reserved 1064960K
  class space    used 1831K, capacity 1918K, committed 1920K, reserved 1048576K
Event: 104.844 GC heap after
Heap after GC invocations=13 (full 1):
 PSYoungGen      total 3174400K, used 54400K [0x00000006be800000, 0x00000007c0000000, 0x00000007c0000000)
  eden space 2127360K, 0% used [0x00000006be800000,0x00000006be800000,0x0000000740580000)
  from space 1047040K, 5% used [0x0000000780180000,0x00000007836a0000,0x00000007c0000000)
  to   space 1044480K, 0% used [0x0000000740580000,0x0000000740580000,0x0000000780180000)
 ParOldGen       total 2170880K, used 739207K [0x000000063a000000, 0x00000006be800000, 0x00000006be800000)
  object space 2170880K, 34% used [0x000000063a000000,0x00000006671e1ca8,0x00000006be800000)
 Metaspace       used 16881K, capacity 17168K, committed 17280K, reserved 1064960K
  class space    used 1831K, capacity 1918K, committed 1920K, reserved 1048576K
}
Event: 106.748 GC heap before
{Heap before GC invocations=14 (full 1):
 PSYoungGen      total 3174400K, used 2181760K [0x00000006be800000, 0x00000007c0000000, 0x00000007c0000000)
  eden space 2127360K, 100% used [0x00000006be800000,0x0000000740580000,0x0000000740580000)
  from space 1047040K, 5% used [0x0000000780180000,0x00000007836a0000,0x00000007c0000000)
  to   space 1044480K, 0% used [0x0000000740580000,0x0000000740580000,0x0000000780180000)
 ParOldGen       total 2170880K, used 739207K [0x000000063a000000, 0x00000006be800000, 0x00000006be800000)
  object space 2170880K, 34% used [0x000000063a000000,0x00000006671e1ca8,0x00000006be800000)
 Metaspace       used 16881K, capacity 17168K, committed 17280K, reserved 1064960K
  class space    used 1831K, capacity 1918K, committed 1920K, reserved 1048576K
Event: 106.878 GC heap after
Heap after GC invocations=14 (full 1):
 PSYoungGen      total 3171840K, used 54016K [0x00000006be800000, 0x00000007c0000000, 0x00000007c0000000)
  eden space 2127360K, 0% used [0x00000006be800000,0x00000006be800000,0x0000000740580000)
  from space 1044480K, 5% used [0x0000000740580000,0x0000000743a40000,0x0000000780180000)
  to   space 1032704K, 0% used [0x0000000780f80000,0x0000000780f80000,0x00000007c0000000)
 ParOldGen       total 2170880K, used 793815K [0x000000063a000000, 0x00000006be800000, 0x00000006be800000)
  object space 2170880K, 36% used [0x000000063a000000,0x000000066a735ca8,0x00000006be800000)
 Metaspace       used 16881K, capacity 17168K, committed 17280K, reserved 1064960K
  class space    used 1831K, capacity 1918K, committed 1920K, reserved 1048576K
}
Event: 108.745 GC heap before
{Heap before GC invocations=15 (full 1):
 PSYoungGen      total 3171840K, used 2181376K [0x00000006be800000, 0x00000007c0000000, 0x00000007c0000000)
  eden space 2127360K, 100% used [0x00000006be800000,0x0000000740580000,0x0000000740580000)
  from space 1044480K, 5% used [0x0000000740580000,0x0000000743a40000,0x0000000780180000)
  to   space 1032704K, 0% used [0x0000000780f80000,0x0000000780f80000,0x00000007c0000000)
 ParOldGen       total 2170880K, used 793815K [0x000000063a000000, 0x00000006be800000, 0x00000006be800000)
  object space 2170880K, 36% used [0x000000063a000000,0x000000066a735ca8,0x00000006be800000)
 Metaspace       used 16882K, capacity 17168K, committed 17280K, reserved 1064960K
  class space    used 1831K, capacity 1918K, committed 1920K, reserved 1048576K
Event: 108.870 GC heap after
Heap after GC invocations=15 (full 1):
 PSYoungGen      total 3205632K, used 54048K [0x00000006be800000, 0x00000007c0000000, 0x00000007c0000000)
  eden space 2172928K, 0% used [0x00000006be800000,0x00000006be800000,0x0000000743200000)
  from space 1032704K, 5% used [0x0000000780f80000,0x0000000784448000,0x00000007c0000000)
  to   space 1013248K, 0% used [0x0000000743200000,0x0000000743200000,0x0000000780f80000)
 ParOldGen       total 2170880K, used 848055K [0x000000063a000000, 0x00000006be800000, 0x00000006be800000)
  object space 2170880K, 39% used [0x000000063a000000,0x000000066dc2dca8,0x00000006be800000)
 Metaspace       used 16882K, capacity 17168K, committed 17280K, reserved 1064960K
  class space    used 1831K, capacity 1918K, committed 1920K, reserved 1048576K
}
Event: 110.669 GC heap before
{Heap before GC invocations=16 (full 1):
 PSYoungGen      total 3205632K, used 2226976K [0x00000006be800000, 0x00000007c0000000, 0x00000007c0000000)
  eden space 2172928K, 100% used [0x00000006be800000,0x0000000743200000,0x0000000743200000)
  from space 1032704K, 5% used [0x0000000780f80000,0x0000000784448000,0x00000007c0000000)
  to   space 1013248K, 0% used [0x0000000743200000,0x0000000743200000,0x0000000780f80000)
 ParOldGen       total 2170880K, used 848055K [0x000000063a000000, 0x00000006be800000, 0x00000006be800000)
  object space 2170880K, 39% used [0x000000063a000000,0x000000066dc2dca8,0x00000006be800000)
 Metaspace       used 16882K, capacity 17168K, committed 17280K, reserved 1064960K
  class space    used 1831K, capacity 1918K, committed 1920K, reserved 1048576K
Event: 111.163 GC heap after
Heap after GC invocations=16 (full 1):
 PSYoungGen      total 3186176K, used 53440K [0x00000006be800000, 0x00000007c0000000, 0x00000007c0000000)
  eden space 2172928K, 0% used [0x00000006be800000,0x00000006be800000,0x0000000743200000)
  from space 1013248K, 5% used [0x0000000743200000,0x0000000746630000,0x0000000780f80000)
  to   space 988160K, 0% used [0x0000000783b00000,0x0000000783b00000,0x00000007c0000000)
 ParOldGen       total 2170880K, used 902295K [0x000000063a000000, 0x00000006be800000, 0x00000006be800000)
  object space 2170880K, 41% used [0x000000063a000000,0x0000000671125ca8,0x00000006be800000)
 Metaspace       used 16882K, capacity 17168K, committed 17280K, reserved 1064960K
  class space    used 1831K, capacity 1918K, committed 1920K, reserved 1048576K
}
Event: 113.028 GC heap before
{Heap before GC invocations=17 (full 1):
 PSYoungGen      total 3186176K, used 2226368K [0x00000006be800000, 0x00000007c0000000, 0x00000007c0000000)
  eden space 2172928K, 100% used [0x00000006be800000,0x0000000743200000,0x0000000743200000)
  from space 1013248K, 5% used [0x0000000743200000,0x0000000746630000,0x0000000780f80000)
  to   space 988160K, 0% used [0x0000000783b00000,0x0000000783b00000,0x00000007c0000000)
 ParOldGen       total 2170880K, used 902295K [0x000000063a000000, 0x00000006be800000, 0x00000006be800000)
  object space 2170880K, 41% used [0x000000063a000000,0x0000000671125ca8,0x00000006be800000)
 Metaspace       used 16882K, capacity 17168K, committed 17280K, reserved 1064960K
  class space    used 1831K, capacity 1918K, committed 1920K, reserved 1048576K
Event: 113.186 GC heap after
Heap after GC invocations=17 (full 1):
 PSYoungGen      total 3260928K, used 55136K [0x00000006be800000, 0x00000007c0000000, 0x00000007c0000000)
  eden space 2272768K, 0% used [0x00000006be800000,0x00000006be800000,0x0000000749380000)
  from space 988160K, 5% used [0x0000000783b00000,0x00000007870d8000,0x00000007c0000000)
  to   space 957952K, 0% used [0x0000000749380000,0x0000000749380000,0x0000000783b00000)
 ParOldGen       total 2170880K, used 955919K [0x000000063a000000, 0x00000006be800000, 0x00000006be800000)
  object space 2170880K, 44% used [0x000000063a000000,0x0000000674583ca8,0x00000006be800000)
 Metaspace       used 16882K, capacity 17168K, committed 17280K, reserved 1064960K
  class space    used 1831K, capacity 1918K, committed 1920K, reserved 1048576K
}

