# JRE version: OpenJDK Runtime Environment (8.0_322-b06) (build 1.8.0_322-b06)
# Java VM: OpenJDK 64-Bit Server VM (25.322-b06 mixed mode windows-amd64 compressed oops)
Heap:
 PSYoungGen      total 3222528K, used 984676K [0x00000006be800000, 0x00000007c0000000, 0x00000007c0000000)
  eden space 2207744K, 41% used [0x00000006be800000,0x00000006f7151288,0x0000000745400000)
  from space 1014784K, 5% used [0x0000000782100000,0x0000000785948000,0x00000007c0000000)
  to   space 996352K, 0% used [0x0000000745400000,0x0000000745400000,0x0000000782100000)
 ParOldGen       total 2170880K, used 965770K [0x000000063a000000, 0x00000006be800000, 0x00000006be800000)
  object space 2170880K, 44% used [0x000000063a000000,0x0000000674f22948,0x00000006be800000)
 Metaspace       used 16973K, capacity 17240K, committed 17536K, reserved 1064960K
  class space    used 1836K, capacity 1920K, committed 1920K, reserved 1048576K
GC Heap History (10 events):
Event: 105.092 GC heap before
{Heap before GC invocations=9 (full 1):
 PSYoungGen      total 2672128K, used 2558976K [0x00000006be800000, 0x00000007c0000000, 0x00000007c0000000)
  eden space 2558976K, 100% used [0x00000006be800000,0x000000075ab00000,0x000000075ab00000)
  from space 113152K, 0% used [0x000000075ab00000,0x000000075ab00000,0x0000000761980000)
  to   space 929792K, 0% used [0x0000000787400000,0x0000000787400000,0x00000007c0000000)
 ParOldGen       total 2170880K, used 573410K [0x000000063a000000, 0x00000006be800000, 0x00000006be800000)
  object space 2170880K, 26% used [0x000000063a000000,0x000000065cff8818,0x00000006be800000)
 Metaspace       used 16891K, capacity 17164K, committed 17280K, reserved 1064960K
  class space    used 1831K, capacity 1918K, committed 1920K, reserved 1048576K
Event: 105.216 GC heap after
Heap after GC invocations=9 (full 1):
 PSYoungGen      total 3167232K, used 73152K [0x00000006be800000, 0x00000007c0000000, 0x00000007c0000000)
  eden space 2237440K, 0% used [0x00000006be800000,0x00000006be800000,0x0000000747100000)
  from space 929792K, 7% used [0x0000000787400000,0x000000078bb70000,0x00000007c0000000)
  to   space 990720K, 0% used [0x0000000747100000,0x0000000747100000,0x0000000783880000)
 ParOldGen       total 2170880K, used 573418K [0x000000063a000000, 0x00000006be800000, 0x00000006be800000)
  object space 2170880K, 26% used [0x000000063a000000,0x000000065cffa818,0x00000006be800000)
 Metaspace       used 16891K, capacity 17164K, committed 17280K, reserved 1064960K
  class space    used 1831K, capacity 1918K, committed 1920K, reserved 1048576K
}
Event: 106.699 GC heap before
{Heap before GC invocations=10 (full 1):
 PSYoungGen      total 3167232K, used 2310592K [0x00000006be800000, 0x00000007c0000000, 0x00000007c0000000)
  eden space 2237440K, 100% used [0x00000006be800000,0x0000000747100000,0x0000000747100000)
  from space 929792K, 7% used [0x0000000787400000,0x000000078bb70000,0x00000007c0000000)
  to   space 990720K, 0% used [0x0000000747100000,0x0000000747100000,0x0000000783880000)
 ParOldGen       total 2170880K, used 573418K [0x000000063a000000, 0x00000006be800000, 0x00000006be800000)
  object space 2170880K, 26% used [0x000000063a000000,0x000000065cffa818,0x00000006be800000)
 Metaspace       used 16891K, capacity 17164K, committed 17280K, reserved 1064960K
  class space    used 1831K, capacity 1918K, committed 1920K, reserved 1048576K
Event: 106.860 GC heap after
Heap after GC invocations=10 (full 1):
 PSYoungGen      total 2381312K, used 143488K [0x00000006be800000, 0x00000007c0000000, 0x00000007c0000000)
  eden space 2237440K, 0% used [0x00000006be800000,0x00000006be800000,0x0000000747100000)
  from space 143872K, 99% used [0x0000000747100000,0x000000074fd20000,0x000000074fd80000)
  to   space 1010688K, 0% used [0x0000000782500000,0x0000000782500000,0x00000007c0000000)
 ParOldGen       total 2170880K, used 573418K [0x000000063a000000, 0x00000006be800000, 0x00000006be800000)
  object space 2170880K, 26% used [0x000000063a000000,0x000000065cffa818,0x00000006be800000)
 Metaspace       used 16891K, capacity 17164K, committed 17280K, reserved 1064960K
  class space    used 1831K, capacity 1918K, committed 1920K, reserved 1048576K
}
Event: 108.310 GC heap before
{Heap before GC invocations=11 (full 1):
 PSYoungGen      total 2381312K, used 2380928K [0x00000006be800000, 0x00000007c0000000, 0x00000007c0000000)
  eden space 2237440K, 100% used [0x00000006be800000,0x0000000747100000,0x0000000747100000)
  from space 143872K, 99% used [0x0000000747100000,0x000000074fd20000,0x000000074fd80000)
  to   space 1010688K, 0% used [0x0000000782500000,0x0000000782500000,0x00000007c0000000)
 ParOldGen       total 2170880K, used 573418K [0x000000063a000000, 0x00000006be800000, 0x00000006be800000)
  object space 2170880K, 26% used [0x000000063a000000,0x000000065cffa818,0x00000006be800000)
 Metaspace       used 16891K, capacity 17164K, committed 17280K, reserved 1064960K
  class space    used 1831K, capacity 1918K, committed 1920K, reserved 1048576K
Event: 108.537 GC heap after
Heap after GC invocations=11 (full 1):
 PSYoungGen      total 3195904K, used 139520K [0x00000006be800000, 0x00000007c0000000, 0x00000007c0000000)
  eden space 2185216K, 0% used [0x00000006be800000,0x00000006be800000,0x0000000743e00000)
  from space 1010688K, 13% used [0x0000000782500000,0x000000078ad40000,0x00000007c0000000)
  to   space 1016832K, 0% used [0x0000000743e00000,0x0000000743e00000,0x0000000781f00000)
 ParOldGen       total 2170880K, used 646842K [0x000000063a000000, 0x00000006be800000, 0x00000006be800000)
  object space 2170880K, 29% used [0x000000063a000000,0x00000006617ae828,0x00000006be800000)
 Metaspace       used 16891K, capacity 17164K, committed 17280K, reserved 1064960K
  class space    used 1831K, capacity 1918K, committed 1920K, reserved 1048576K
}
Event: 110.184 GC heap before
{Heap before GC invocations=12 (full 1):
 PSYoungGen      total 3195904K, used 2324736K [0x00000006be800000, 0x00000007c0000000, 0x00000007c0000000)
  eden space 2185216K, 100% used [0x00000006be800000,0x0000000743e00000,0x0000000743e00000)
  from space 1010688K, 13% used [0x0000000782500000,0x000000078ad40000,0x00000007c0000000)
  to   space 1016832K, 0% used [0x0000000743e00000,0x0000000743e00000,0x0000000781f00000)
 ParOldGen       total 2170880K, used 646842K [0x000000063a000000, 0x00000006be800000, 0x00000006be800000)
  object space 2170880K, 29% used [0x000000063a000000,0x00000006617ae828,0x00000006be800000)
 Metaspace       used 16903K, capacity 17176K, committed 17280K, reserved 1064960K
  class space    used 1832K, capacity 1920K, committed 1920K, reserved 1048576K
Event: 110.558 GC heap after
Heap after GC invocations=12 (full 1):
 PSYoungGen      total 2246144K, used 60736K [0x00000006be800000, 0x00000007c0000000, 0x00000007c0000000)
  eden space 2185216K, 0% used [0x00000006be800000,0x00000006be800000,0x0000000743e00000)
  from space 60928K, 99% used [0x0000000743e00000,0x0000000747950000,0x0000000747980000)
  to   space 1026560K, 0% used [0x0000000781580000,0x0000000781580000,0x00000007c0000000)
 ParOldGen       total 2170880K, used 786890K [0x000000063a000000, 0x00000006be800000, 0x00000006be800000)
  object space 2170880K, 36% used [0x000000063a000000,0x000000066a072948,0x00000006be800000)
 Metaspace       used 16903K, capacity 17176K, committed 17280K, reserved 1064960K
  class space    used 1832K, capacity 1920K, committed 1920K, reserved 1048576K
}
Event: 112.044 GC heap before
{Heap before GC invocations=13 (full 1):
 PSYoungGen      total 2246144K, used 2245952K [0x00000006be800000, 0x00000007c0000000, 0x00000007c0000000)
  eden space 2185216K, 100% used [0x00000006be800000,0x0000000743e00000,0x0000000743e00000)
  from space 60928K, 99% used [0x0000000743e00000,0x0000000747950000,0x0000000747980000)
  to   space 1026560K, 0% used [0x0000000781580000,0x0000000781580000,0x00000007c0000000)
 ParOldGen       total 2170880K, used 786890K [0x000000063a000000, 0x00000006be800000, 0x00000006be800000)
  object space 2170880K, 36% used [0x000000063a000000,0x000000066a072948,0x00000006be800000)
 Metaspace       used 16910K, capacity 17176K, committed 17280K, reserved 1064960K
  class space    used 1832K, capacity 1920K, committed 1920K, reserved 1048576K
Event: 112.430 GC heap after
Heap after GC invocations=13 (full 1):
 PSYoungGen      total 3193344K, used 58976K [0x00000006be800000, 0x00000007c0000000, 0x00000007c0000000)
  eden space 2166784K, 0% used [0x00000006be800000,0x00000006be800000,0x0000000742c00000)
  from space 1026560K, 5% used [0x0000000781580000,0x0000000784f18000,0x00000007c0000000)
  to   space 1025536K, 0% used [0x0000000742c00000,0x0000000742c00000,0x0000000781580000)
 ParOldGen       total 2170880K, used 847826K [0x000000063a000000, 0x00000006be800000, 0x00000006be800000)
  object space 2170880K, 39% used [0x000000063a000000,0x000000066dbf4948,0x00000006be800000)
 Metaspace       used 16910K, capacity 17176K, committed 17280K, reserved 1064960K
  class space    used 1832K, capacity 1920K, committed 1920K, reserved 1048576K
}

