# JRE version: OpenJDK Runtime Environment (8.0_332-b09) (build 1.8.0_332-b09)
# Java VM: OpenJDK 64-Bit Server VM (25.332-b09 mixed mode windows-amd64 compressed oops)
Heap:
 PSYoungGen      total 3122688K, used 870193K [0x00000006be800000, 0x00000007c0000000, 0x00000007c0000000)
  eden space 1967104K, 42% used [0x00000006be800000,0x00000006f122e8f8,0x0000000736900000)
  from space 1155584K, 3% used [0x0000000779780000,0x000000077bf1dba8,0x00000007c0000000)
  to   space 1096192K, 0% used [0x0000000736900000,0x0000000736900000,0x0000000779780000)
 ParOldGen       total 2170880K, used 830326K [0x000000063a000000, 0x00000006be800000, 0x00000006be800000)
  object space 2170880K, 38% used [0x000000063a000000,0x000000066caddb20,0x00000006be800000)
 Metaspace       used 16802K, capacity 17040K, committed 17280K, reserved 1064960K
  class space    used 1831K, capacity 1918K, committed 1920K, reserved 1048576K
GC Heap History (10 events):
Event: 104.606 GC heap after
Heap after GC invocations=14 (full 1):
 PSYoungGen      total 2812928K, used 32896K [0x00000006be800000, 0x00000007c0000000, 0x00000007c0000000)
  eden space 1406976K, 0% used [0x00000006be800000,0x00000006be800000,0x0000000714600000)
  from space 1405952K, 2% used [0x0000000714600000,0x0000000716620000,0x000000076a300000)
  to   space 1383936K, 0% used [0x000000076b880000,0x000000076b880000,0x00000007c0000000)
 ParOldGen       total 2170880K, used 655049K [0x000000063a000000, 0x00000006be800000, 0x00000006be800000)
  object space 2170880K, 30% used [0x000000063a000000,0x0000000661fb2768,0x00000006be800000)
 Metaspace       used 16781K, capacity 16970K, committed 17280K, reserved 1064960K
  class space    used 1830K, capacity 1917K, committed 1920K, reserved 1048576K
}
Event: 106.064 GC heap before
{Heap before GC invocations=15 (full 1):
 PSYoungGen      total 2812928K, used 1439872K [0x00000006be800000, 0x00000007c0000000, 0x00000007c0000000)
  eden space 1406976K, 100% used [0x00000006be800000,0x0000000714600000,0x0000000714600000)
  from space 1405952K, 2% used [0x0000000714600000,0x0000000716620000,0x000000076a300000)
  to   space 1383936K, 0% used [0x000000076b880000,0x000000076b880000,0x00000007c0000000)
 ParOldGen       total 2170880K, used 655049K [0x000000063a000000, 0x00000006be800000, 0x00000006be800000)
  object space 2170880K, 30% used [0x000000063a000000,0x0000000661fb2768,0x00000006be800000)
 Metaspace       used 16781K, capacity 16970K, committed 17280K, reserved 1064960K
  class space    used 1830K, capacity 1917K, committed 1920K, reserved 1048576K
Event: 106.481 GC heap after
Heap after GC invocations=15 (full 1):
 PSYoungGen      total 2888704K, used 33028K [0x00000006be800000, 0x00000007c0000000, 0x00000007c0000000)
  eden space 1504768K, 0% used [0x00000006be800000,0x00000006be800000,0x000000071a580000)
  from space 1383936K, 2% used [0x000000076b880000,0x000000076d8c1298,0x00000007c0000000)
  to   space 1330176K, 0% used [0x000000071a580000,0x000000071a580000,0x000000076b880000)
 ParOldGen       total 2170880K, used 688105K [0x000000063a000000, 0x00000006be800000, 0x00000006be800000)
  object space 2170880K, 31% used [0x000000063a000000,0x0000000663ffa768,0x00000006be800000)
 Metaspace       used 16781K, capacity 16970K, committed 17280K, reserved 1064960K
  class space    used 1830K, capacity 1917K, committed 1920K, reserved 1048576K
}
Event: 107.885 GC heap before
{Heap before GC invocations=16 (full 1):
 PSYoungGen      total 2888704K, used 1537796K [0x00000006be800000, 0x00000007c0000000, 0x00000007c0000000)
  eden space 1504768K, 100% used [0x00000006be800000,0x000000071a580000,0x000000071a580000)
  from space 1383936K, 2% used [0x000000076b880000,0x000000076d8c1298,0x00000007c0000000)
  to   space 1330176K, 0% used [0x000000071a580000,0x000000071a580000,0x000000076b880000)
 ParOldGen       total 2170880K, used 688105K [0x000000063a000000, 0x00000006be800000, 0x00000006be800000)
  object space 2170880K, 31% used [0x000000063a000000,0x0000000663ffa768,0x00000006be800000)
 Metaspace       used 16781K, capacity 16970K, committed 17280K, reserved 1064960K
  class space    used 1830K, capacity 1917K, committed 1920K, reserved 1048576K
Event: 108.314 GC heap after
Heap after GC invocations=16 (full 1):
 PSYoungGen      total 2834944K, used 33696K [0x00000006be800000, 0x00000007c0000000, 0x00000007c0000000)
  eden space 1504768K, 0% used [0x00000006be800000,0x00000006be800000,0x000000071a580000)
  from space 1330176K, 2% used [0x000000071a580000,0x000000071c668000,0x000000076b880000)
  to   space 1273856K, 0% used [0x0000000772400000,0x0000000772400000,0x00000007c0000000)
 ParOldGen       total 2170880K, used 721286K [0x000000063a000000, 0x00000006be800000, 0x00000006be800000)
  object space 2170880K, 33% used [0x000000063a000000,0x0000000666061a00,0x00000006be800000)
 Metaspace       used 16781K, capacity 16970K, committed 17280K, reserved 1064960K
  class space    used 1830K, capacity 1917K, committed 1920K, reserved 1048576K
}
Event: 109.637 GC heap before
{Heap before GC invocations=17 (full 1):
 PSYoungGen      total 2834944K, used 1538464K [0x00000006be800000, 0x00000007c0000000, 0x00000007c0000000)
  eden space 1504768K, 100% used [0x00000006be800000,0x000000071a580000,0x000000071a580000)
  from space 1330176K, 2% used [0x000000071a580000,0x000000071c668000,0x000000076b880000)
  to   space 1273856K, 0% used [0x0000000772400000,0x0000000772400000,0x00000007c0000000)
 ParOldGen       total 2170880K, used 721286K [0x000000063a000000, 0x00000006be800000, 0x00000006be800000)
  object space 2170880K, 33% used [0x000000063a000000,0x0000000666061a00,0x00000006be800000)
 Metaspace       used 16781K, capacity 16970K, committed 17280K, reserved 1064960K
  class space    used 1830K, capacity 1917K, committed 1920K, reserved 1048576K
Event: 110.114 GC heap after
Heap after GC invocations=17 (full 1):
 PSYoungGen      total 3003392K, used 34464K [0x00000006be800000, 0x00000007c0000000, 0x00000007c0000000)
  eden space 1729536K, 0% used [0x00000006be800000,0x00000006be800000,0x0000000728100000)
  from space 1273856K, 2% used [0x0000000772400000,0x00000007745a8000,0x00000007c0000000)
  to   space 1215488K, 0% used [0x0000000728100000,0x0000000728100000,0x0000000772400000)
 ParOldGen       total 2170880K, used 755110K [0x000000063a000000, 0x00000006be800000, 0x00000006be800000)
  object space 2170880K, 34% used [0x000000063a000000,0x0000000668169a00,0x00000006be800000)
 Metaspace       used 16781K, capacity 16970K, committed 17280K, reserved 1064960K
  class space    used 1830K, capacity 1917K, committed 1920K, reserved 1048576K
}
Event: 111.626 GC heap before
{Heap before GC invocations=18 (full 1):
 PSYoungGen      total 3003392K, used 1764000K [0x00000006be800000, 0x00000007c0000000, 0x00000007c0000000)
  eden space 1729536K, 100% used [0x00000006be800000,0x0000000728100000,0x0000000728100000)
  from space 1273856K, 2% used [0x0000000772400000,0x00000007745a8000,0x00000007c0000000)
  to   space 1215488K, 0% used [0x0000000728100000,0x0000000728100000,0x0000000772400000)
 ParOldGen       total 2170880K, used 755110K [0x000000063a000000, 0x00000006be800000, 0x00000006be800000)
  object space 2170880K, 34% used [0x000000063a000000,0x0000000668169a00,0x00000006be800000)
 Metaspace       used 16783K, capacity 16970K, committed 17280K, reserved 1064960K
  class space    used 1830K, capacity 1917K, committed 1920K, reserved 1048576K
Event: 112.050 GC heap after
Heap after GC invocations=18 (full 1):
 PSYoungGen      total 2945024K, used 40448K [0x00000006be800000, 0x00000007c0000000, 0x00000007c0000000)
  eden space 1729536K, 0% used [0x00000006be800000,0x00000006be800000,0x0000000728100000)
  from space 1215488K, 3% used [0x0000000728100000,0x000000072a880000,0x0000000772400000)
  to   space 1155584K, 0% used [0x0000000779780000,0x0000000779780000,0x00000007c0000000)
 ParOldGen       total 2170880K, used 789710K [0x000000063a000000, 0x00000006be800000, 0x00000006be800000)
  object space 2170880K, 36% used [0x000000063a000000,0x000000066a333b20,0x00000006be800000)
 Metaspace       used 16783K, capacity 16970K, committed 17280K, reserved 1064960K
  class space    used 1830K, capacity 1917K, committed 1920K, reserved 1048576K
}
Event: 113.580 GC heap before
{Heap before GC invocations=19 (full 1):
 PSYoungGen      total 2945024K, used 1769984K [0x00000006be800000, 0x00000007c0000000, 0x00000007c0000000)
  eden space 1729536K, 100% used [0x00000006be800000,0x0000000728100000,0x0000000728100000)
  from space 1215488K, 3% used [0x0000000728100000,0x000000072a880000,0x0000000772400000)
  to   space 1155584K, 0% used [0x0000000779780000,0x0000000779780000,0x00000007c0000000)
 ParOldGen       total 2170880K, used 789710K [0x000000063a000000, 0x00000006be800000, 0x00000006be800000)
  object space 2170880K, 36% used [0x000000063a000000,0x000000066a333b20,0x00000006be800000)
 Metaspace       used 16783K, capacity 16970K, committed 17280K, reserved 1064960K
  class space    used 1830K, capacity 1917K, committed 1920K, reserved 1048576K

